2016-01-23 21:43:44,073 ERROR [main] - Statistics - Statistics file `C:\Users\ECAIYAG\.scalaide\statistics` is corrupted. A new one is being created. Corrupted content was:

com.cedarsoftware.util.io.JsonIoException: error parsing JSON value
	at com.cedarsoftware.util.io.JsonReader.readObject(JsonReader.java:529)
	at com.cedarsoftware.util.io.JsonReader.jsonToJava(JsonReader.java:289)
	at com.cedarsoftware.util.io.JsonReader.jsonToJava(JsonReader.java:262)
	at org.scalaide.core.internal.statistics.Statistics.org$scalaide$core$internal$statistics$Statistics$$read(Statistics.scala:74)
	at org.scalaide.core.internal.statistics.Statistics$$anonfun$readStats$1.apply(Statistics.scala:52)
	at org.scalaide.core.internal.statistics.Statistics$$anonfun$readStats$1.apply(Statistics.scala:51)
	at org.scalaide.core.ScalaIdeDataStore$$anonfun$validate$2.apply(ScalaIdeDataStore.scala:59)
	at org.scalaide.util.eclipse.EclipseUtils$$anon$3.run(EclipseUtils.scala:216)
	at org.eclipse.core.runtime.SafeRunner.run(SafeRunner.java:42)
	at org.scalaide.util.eclipse.EclipseUtils$.withSafeRunner(EclipseUtils.scala:212)
	at org.scalaide.core.ScalaIdeDataStore$.validate(ScalaIdeDataStore.scala:58)
	at org.scalaide.core.internal.statistics.Statistics.readStats(Statistics.scala:51)
	at org.scalaide.core.internal.statistics.Statistics.<init>(Statistics.scala:30)
	at org.scalaide.core.internal.ScalaPlugin.stats$lzycompute(ScalaPlugin.scala:136)
	at org.scalaide.core.internal.ScalaPlugin.stats(ScalaPlugin.scala:136)
	at org.scalaide.core.internal.ScalaPlugin.statistics(ScalaPlugin.scala:139)
	at org.scalaide.core.internal.ScalaPlugin.start(ScalaPlugin.scala:110)
	at org.eclipse.osgi.internal.framework.BundleContextImpl$3.run(BundleContextImpl.java:771)
	at org.eclipse.osgi.internal.framework.BundleContextImpl$3.run(BundleContextImpl.java:1)
	at java.security.AccessController.doPrivileged(Native Method)
	at org.eclipse.osgi.internal.framework.BundleContextImpl.startActivator(BundleContextImpl.java:764)
	at org.eclipse.osgi.internal.framework.BundleContextImpl.start(BundleContextImpl.java:721)
	at org.eclipse.osgi.internal.framework.EquinoxBundle.startWorker0(EquinoxBundle.java:941)
	at org.eclipse.osgi.internal.framework.EquinoxBundle$EquinoxModule.startWorker(EquinoxBundle.java:318)
	at org.eclipse.osgi.container.Module.doStart(Module.java:571)
	at org.eclipse.osgi.container.Module.start(Module.java:439)
	at org.eclipse.osgi.framework.util.SecureAction.start(SecureAction.java:454)
	at org.eclipse.osgi.internal.hooks.EclipseLazyStarter.postFindLocalClass(EclipseLazyStarter.java:107)
	at org.eclipse.osgi.internal.loader.classpath.ClasspathManager.findLocalClass(ClasspathManager.java:531)
	at org.eclipse.osgi.internal.loader.ModuleClassLoader.findLocalClass(ModuleClassLoader.java:324)
	at org.eclipse.osgi.internal.loader.BundleLoader.findLocalClass(BundleLoader.java:327)
	at org.eclipse.osgi.internal.loader.BundleLoader.findClassInternal(BundleLoader.java:402)
	at org.eclipse.osgi.internal.loader.BundleLoader.findClass(BundleLoader.java:352)
	at org.eclipse.osgi.internal.loader.BundleLoader.findClass(BundleLoader.java:344)
	at org.eclipse.osgi.internal.loader.ModuleClassLoader.loadClass(ModuleClassLoader.java:160)
	at java.lang.ClassLoader.loadClass(ClassLoader.java:358)
	at org.eclipse.osgi.internal.framework.EquinoxBundle.loadClass(EquinoxBundle.java:573)
	at org.eclipse.core.internal.registry.osgi.RegistryStrategyOSGI.createExecutableExtension(RegistryStrategyOSGI.java:174)
	at org.eclipse.core.internal.registry.ExtensionRegistry.createExecutableExtension(ExtensionRegistry.java:905)
	at org.eclipse.core.internal.registry.ConfigurationElement.createExecutableExtension(ConfigurationElement.java:243)
	at org.eclipse.core.internal.registry.ConfigurationElementHandle.createExecutableExtension(ConfigurationElementHandle.java:55)
	at org.eclipse.jdt.internal.ui.filters.FilterDescriptor$1.run(FilterDescriptor.java:132)
	at org.eclipse.core.runtime.SafeRunner.run(SafeRunner.java:42)
	at org.eclipse.jdt.internal.ui.filters.FilterDescriptor.createViewerFilter(FilterDescriptor.java:136)
	at org.eclipse.jdt.ui.actions.CustomFiltersActionGroup$FilterItem.getFilterInstance(CustomFiltersActionGroup.java:187)
	at org.eclipse.jdt.ui.actions.CustomFiltersActionGroup.updateViewerFilters(CustomFiltersActionGroup.java:516)
	at org.eclipse.jdt.ui.actions.CustomFiltersActionGroup.<init>(CustomFiltersActionGroup.java:275)
	at org.eclipse.jdt.ui.actions.CustomFiltersActionGroup.<init>(CustomFiltersActionGroup.java:241)
	at org.eclipse.jdt.internal.ui.packageview.PackageExplorerActionGroup.<init>(PackageExplorerActionGroup.java:148)
	at org.eclipse.jdt.internal.ui.packageview.PackageExplorerPart.makeActions(PackageExplorerPart.java:805)
	at org.eclipse.jdt.internal.ui.packageview.PackageExplorerPart.createPartControl(PackageExplorerPart.java:505)
	at org.eclipse.ui.internal.e4.compatibility.CompatibilityPart.createPartControl(CompatibilityPart.java:151)
	at org.eclipse.ui.internal.e4.compatibility.CompatibilityView.createPartControl(CompatibilityView.java:143)
	at org.eclipse.ui.internal.e4.compatibility.CompatibilityPart.create(CompatibilityPart.java:341)
	at sun.reflect.NativeMethodAccessorImpl.invoke0(Native Method)
	at sun.reflect.NativeMethodAccessorImpl.invoke(NativeMethodAccessorImpl.java:57)
	at sun.reflect.DelegatingMethodAccessorImpl.invoke(DelegatingMethodAccessorImpl.java:43)
	at java.lang.reflect.Method.invoke(Method.java:606)
	at org.eclipse.e4.core.internal.di.MethodRequestor.execute(MethodRequestor.java:56)
	at org.eclipse.e4.core.internal.di.InjectorImpl.processAnnotated(InjectorImpl.java:898)
	at org.eclipse.e4.core.internal.di.InjectorImpl.processAnnotated(InjectorImpl.java:879)
	at org.eclipse.e4.core.internal.di.InjectorImpl.inject(InjectorImpl.java:121)
	at org.eclipse.e4.core.internal.di.InjectorImpl.internalMake(InjectorImpl.java:345)
	at org.eclipse.e4.core.internal.di.InjectorImpl.make(InjectorImpl.java:264)
	at org.eclipse.e4.core.contexts.ContextInjectionFactory.make(ContextInjectionFactory.java:162)
	at org.eclipse.e4.ui.internal.workbench.ReflectionContributionFactory.createFromBundle(ReflectionContributionFactory.java:104)
	at org.eclipse.e4.ui.internal.workbench.ReflectionContributionFactory.doCreate(ReflectionContributionFactory.java:73)
	at org.eclipse.e4.ui.internal.workbench.ReflectionContributionFactory.create(ReflectionContributionFactory.java:55)
	at org.eclipse.e4.ui.workbench.renderers.swt.ContributedPartRenderer.createWidget(ContributedPartRenderer.java:129)
	at org.eclipse.e4.ui.internal.workbench.swt.PartRenderingEngine.createWidget(PartRenderingEngine.java:971)
	at org.eclipse.e4.ui.internal.workbench.swt.PartRenderingEngine.safeCreateGui(PartRenderingEngine.java:640)
	at org.eclipse.e4.ui.internal.workbench.swt.PartRenderingEngine$1.run(PartRenderingEngine.java:525)
	at org.eclipse.core.runtime.SafeRunner.run(SafeRunner.java:42)
	at org.eclipse.e4.ui.internal.workbench.swt.PartRenderingEngine.createGui(PartRenderingEngine.java:509)
	at org.eclipse.e4.ui.workbench.renderers.swt.ElementReferenceRenderer.createWidget(ElementReferenceRenderer.java:69)
	at org.eclipse.e4.ui.internal.workbench.swt.PartRenderingEngine.createWidget(PartRenderingEngine.java:971)
	at org.eclipse.e4.ui.internal.workbench.swt.PartRenderingEngine.safeCreateGui(PartRenderingEngine.java:640)
	at org.eclipse.e4.ui.internal.workbench.swt.PartRenderingEngine.safeCreateGui(PartRenderingEngine.java:746)
	at org.eclipse.e4.ui.internal.workbench.swt.PartRenderingEngine.access$0(PartRenderingEngine.java:717)
	at org.eclipse.e4.ui.internal.workbench.swt.PartRenderingEngine$2.run(PartRenderingEngine.java:711)
	at org.eclipse.core.runtime.SafeRunner.run(SafeRunner.java:42)
	at org.eclipse.e4.ui.internal.workbench.swt.PartRenderingEngine.createGui(PartRenderingEngine.java:695)
	at org.eclipse.e4.ui.workbench.renderers.swt.StackRenderer.showTab(StackRenderer.java:1306)
	at org.eclipse.e4.ui.workbench.renderers.swt.LazyStackRenderer.postProcess(LazyStackRenderer.java:103)
	at org.eclipse.e4.ui.internal.workbench.swt.PartRenderingEngine.safeCreateGui(PartRenderingEngine.java:658)
	at org.eclipse.e4.ui.internal.workbench.swt.PartRenderingEngine.safeCreateGui(PartRenderingEngine.java:746)
	at org.eclipse.e4.ui.internal.workbench.swt.PartRenderingEngine.access$0(PartRenderingEngine.java:717)
	at org.eclipse.e4.ui.internal.workbench.swt.PartRenderingEngine$2.run(PartRenderingEngine.java:711)
	at org.eclipse.core.runtime.SafeRunner.run(SafeRunner.java:42)
	at org.eclipse.e4.ui.internal.workbench.swt.PartRenderingEngine.createGui(PartRenderingEngine.java:695)
	at org.eclipse.e4.ui.workbench.renderers.swt.SWTPartRenderer.processContents(SWTPartRenderer.java:71)
	at org.eclipse.e4.ui.workbench.renderers.swt.SashRenderer.processContents(SashRenderer.java:151)
	at org.eclipse.e4.ui.internal.workbench.swt.PartRenderingEngine.safeCreateGui(PartRenderingEngine.java:654)
	at org.eclipse.e4.ui.internal.workbench.swt.PartRenderingEngine.safeCreateGui(PartRenderingEngine.java:746)
	at org.eclipse.e4.ui.internal.workbench.swt.PartRenderingEngine.access$0(PartRenderingEngine.java:717)
	at org.eclipse.e4.ui.internal.workbench.swt.PartRenderingEngine$2.run(PartRenderingEngine.java:711)
	at org.eclipse.core.runtime.SafeRunner.run(SafeRunner.java:42)
	at org.eclipse.e4.ui.internal.workbench.swt.PartRenderingEngine.createGui(PartRenderingEngine.java:695)
	at org.eclipse.e4.ui.workbench.renderers.swt.SWTPartRenderer.processContents(SWTPartRenderer.java:71)
	at org.eclipse.e4.ui.workbench.renderers.swt.SashRenderer.processContents(SashRenderer.java:151)
	at org.eclipse.e4.ui.internal.workbench.swt.PartRenderingEngine.safeCreateGui(PartRenderingEngine.java:654)
	at org.eclipse.e4.ui.internal.workbench.swt.PartRenderingEngine.safeCreateGui(PartRenderingEngine.java:746)
	at org.eclipse.e4.ui.internal.workbench.swt.PartRenderingEngine.access$0(PartRenderingEngine.java:717)
	at org.eclipse.e4.ui.internal.workbench.swt.PartRenderingEngine$2.run(PartRenderingEngine.java:711)
	at org.eclipse.core.runtime.SafeRunner.run(SafeRunner.java:42)
	at org.eclipse.e4.ui.internal.workbench.swt.PartRenderingEngine.createGui(PartRenderingEngine.java:695)
	at org.eclipse.e4.ui.workbench.renderers.swt.SWTPartRenderer.processContents(SWTPartRenderer.java:71)
	at org.eclipse.e4.ui.workbench.renderers.swt.PerspectiveRenderer.processContents(PerspectiveRenderer.java:49)
	at org.eclipse.e4.ui.internal.workbench.swt.PartRenderingEngine.safeCreateGui(PartRenderingEngine.java:654)
	at org.eclipse.e4.ui.internal.workbench.swt.PartRenderingEngine.safeCreateGui(PartRenderingEngine.java:746)
	at org.eclipse.e4.ui.internal.workbench.swt.PartRenderingEngine.access$0(PartRenderingEngine.java:717)
	at org.eclipse.e4.ui.internal.workbench.swt.PartRenderingEngine$2.run(PartRenderingEngine.java:711)
	at org.eclipse.core.runtime.SafeRunner.run(SafeRunner.java:42)
	at org.eclipse.e4.ui.internal.workbench.swt.PartRenderingEngine.createGui(PartRenderingEngine.java:695)
	at org.eclipse.e4.ui.workbench.renderers.swt.PerspectiveStackRenderer.showTab(PerspectiveStackRenderer.java:82)
	at org.eclipse.e4.ui.workbench.renderers.swt.LazyStackRenderer.postProcess(LazyStackRenderer.java:103)
	at org.eclipse.e4.ui.workbench.renderers.swt.PerspectiveStackRenderer.postProcess(PerspectiveStackRenderer.java:63)
	at org.eclipse.e4.ui.internal.workbench.swt.PartRenderingEngine.safeCreateGui(PartRenderingEngine.java:658)
	at org.eclipse.e4.ui.internal.workbench.swt.PartRenderingEngine.safeCreateGui(PartRenderingEngine.java:746)
	at org.eclipse.e4.ui.internal.workbench.swt.PartRenderingEngine.access$0(PartRenderingEngine.java:717)
	at org.eclipse.e4.ui.internal.workbench.swt.PartRenderingEngine$2.run(PartRenderingEngine.java:711)
	at org.eclipse.core.runtime.SafeRunner.run(SafeRunner.java:42)
	at org.eclipse.e4.ui.internal.workbench.swt.PartRenderingEngine.createGui(PartRenderingEngine.java:695)
	at org.eclipse.e4.ui.workbench.renderers.swt.SWTPartRenderer.processContents(SWTPartRenderer.java:71)
	at org.eclipse.e4.ui.workbench.renderers.swt.SashRenderer.processContents(SashRenderer.java:151)
	at org.eclipse.e4.ui.internal.workbench.swt.PartRenderingEngine.safeCreateGui(PartRenderingEngine.java:654)
	at org.eclipse.e4.ui.internal.workbench.swt.PartRenderingEngine.safeCreateGui(PartRenderingEngine.java:746)
	at org.eclipse.e4.ui.internal.workbench.swt.PartRenderingEngine.access$0(PartRenderingEngine.java:717)
	at org.eclipse.e4.ui.internal.workbench.swt.PartRenderingEngine$2.run(PartRenderingEngine.java:711)
	at org.eclipse.core.runtime.SafeRunner.run(SafeRunner.java:42)
	at org.eclipse.e4.ui.internal.workbench.swt.PartRenderingEngine.createGui(PartRenderingEngine.java:695)
	at org.eclipse.e4.ui.workbench.renderers.swt.SWTPartRenderer.processContents(SWTPartRenderer.java:71)
	at org.eclipse.e4.ui.workbench.renderers.swt.WBWRenderer.processContents(WBWRenderer.java:614)
	at org.eclipse.e4.ui.internal.workbench.swt.PartRenderingEngine.safeCreateGui(PartRenderingEngine.java:654)
	at org.eclipse.e4.ui.internal.workbench.swt.PartRenderingEngine.safeCreateGui(PartRenderingEngine.java:746)
	at org.eclipse.e4.ui.internal.workbench.swt.PartRenderingEngine.access$0(PartRenderingEngine.java:717)
	at org.eclipse.e4.ui.internal.workbench.swt.PartRenderingEngine$2.run(PartRenderingEngine.java:711)
	at org.eclipse.core.runtime.SafeRunner.run(SafeRunner.java:42)
	at org.eclipse.e4.ui.internal.workbench.swt.PartRenderingEngine.createGui(PartRenderingEngine.java:695)
	at org.eclipse.e4.ui.internal.workbench.swt.PartRenderingEngine$4.run(PartRenderingEngine.java:1061)
	at org.eclipse.core.databinding.observable.Realm.runWithDefault(Realm.java:337)
	at org.eclipse.e4.ui.internal.workbench.swt.PartRenderingEngine.run(PartRenderingEngine.java:1018)
	at org.eclipse.e4.ui.internal.workbench.E4Workbench.createAndRunUI(E4Workbench.java:156)
	at org.eclipse.ui.internal.Workbench$5.run(Workbench.java:654)
	at org.eclipse.core.databinding.observable.Realm.runWithDefault(Realm.java:337)
	at org.eclipse.ui.internal.Workbench.createAndRunWorkbench(Workbench.java:598)
	at org.eclipse.ui.PlatformUI.createAndRunWorkbench(PlatformUI.java:150)
	at org.eclipse.ui.internal.ide.application.IDEApplication.start(IDEApplication.java:139)
	at org.eclipse.equinox.internal.app.EclipseAppHandle.run(EclipseAppHandle.java:196)
	at org.eclipse.core.runtime.internal.adaptor.EclipseAppLauncher.runApplication(EclipseAppLauncher.java:134)
	at org.eclipse.core.runtime.internal.adaptor.EclipseAppLauncher.start(EclipseAppLauncher.java:104)
	at org.eclipse.core.runtime.adaptor.EclipseStarter.run(EclipseStarter.java:380)
	at org.eclipse.core.runtime.adaptor.EclipseStarter.run(EclipseStarter.java:235)
	at sun.reflect.NativeMethodAccessorImpl.invoke0(Native Method)
	at sun.reflect.NativeMethodAccessorImpl.invoke(NativeMethodAccessorImpl.java:57)
	at sun.reflect.DelegatingMethodAccessorImpl.invoke(DelegatingMethodAccessorImpl.java:43)
	at java.lang.reflect.Method.invoke(Method.java:606)
	at org.eclipse.equinox.launcher.Main.invokeFramework(Main.java:669)
	at org.eclipse.equinox.launcher.Main.basicRun(Main.java:608)
	at org.eclipse.equinox.launcher.Main.run(Main.java:1515)
	at org.eclipse.equinox.launcher.Main.main(Main.java:1488)
Caused by: com.cedarsoftware.util.io.JsonIoException: EOF reached prematurely
	at com.cedarsoftware.util.io.JsonParser.error(JsonParser.java:584)
	at com.cedarsoftware.util.io.JsonParser.readValue(JsonParser.java:278)
	at com.cedarsoftware.util.io.JsonReader.readObject(JsonReader.java:521)
	... 160 more
2016-01-23 21:47:57,854  WARN [ModalContext] - ScalaProject - Project HelloScala has platform default sourceLevel.
2016-01-23 21:47:57,855  WARN [ModalContext] - ScalaProject - Project HelloScala runs on platform default installation.
2016-01-23 21:48:02,036  WARN [Worker-5] - ScalaProject - Project HelloScala has platform default sourceLevel.
2016-01-23 21:48:02,036  WARN [Worker-5] - ScalaProject - Project HelloScala runs on platform default installation.
2016-01-23 21:48:39,603  WARN [Worker-3] - ScalaProject - Project HelloScala has platform default sourceLevel.
2016-01-23 21:48:39,603  WARN [Worker-3] - ScalaProject - Project HelloScala runs on platform default installation.
2016-01-23 21:48:41,022  WARN [org.eclipse.jface.text.reconciler.MonoReconciler] - ScalaProject - Project HelloScala has platform default sourceLevel.
2016-01-23 21:48:41,023  WARN [org.eclipse.jface.text.reconciler.MonoReconciler] - ScalaProject - Project HelloScala runs on platform default installation.
2016-01-23 21:49:10,232  WARN [Worker-8] - ScalaProject - Project HelloScala has platform default sourceLevel.
2016-01-23 21:49:10,232  WARN [Worker-8] - ScalaProject - Project HelloScala runs on platform default installation.
2016-01-23 21:49:44,205 ERROR [main] - Statistics - Statistics file `C:\Users\ECAIYAG\.scalaide\statistics` is corrupted. A new one is being created. Corrupted content was:

com.cedarsoftware.util.io.JsonIoException: error parsing JSON value
	at com.cedarsoftware.util.io.JsonReader.readObject(JsonReader.java:529)
	at com.cedarsoftware.util.io.JsonReader.jsonToJava(JsonReader.java:289)
	at com.cedarsoftware.util.io.JsonReader.jsonToJava(JsonReader.java:262)
	at org.scalaide.core.internal.statistics.Statistics.org$scalaide$core$internal$statistics$Statistics$$read(Statistics.scala:74)
	at org.scalaide.core.internal.statistics.Statistics$$anonfun$readStats$1.apply(Statistics.scala:52)
	at org.scalaide.core.internal.statistics.Statistics$$anonfun$readStats$1.apply(Statistics.scala:51)
	at org.scalaide.core.ScalaIdeDataStore$$anonfun$validate$2.apply(ScalaIdeDataStore.scala:59)
	at org.scalaide.util.eclipse.EclipseUtils$$anon$3.run(EclipseUtils.scala:216)
	at org.eclipse.core.runtime.SafeRunner.run(SafeRunner.java:42)
	at org.scalaide.util.eclipse.EclipseUtils$.withSafeRunner(EclipseUtils.scala:212)
	at org.scalaide.core.ScalaIdeDataStore$.validate(ScalaIdeDataStore.scala:58)
	at org.scalaide.core.internal.statistics.Statistics.readStats(Statistics.scala:51)
	at org.scalaide.core.internal.statistics.Statistics.<init>(Statistics.scala:30)
	at org.scalaide.core.internal.ScalaPlugin.stats$lzycompute(ScalaPlugin.scala:136)
	at org.scalaide.core.internal.ScalaPlugin.stats(ScalaPlugin.scala:136)
	at org.scalaide.core.internal.ScalaPlugin.statistics(ScalaPlugin.scala:139)
	at org.scalaide.core.internal.ScalaPlugin.start(ScalaPlugin.scala:110)
	at org.eclipse.osgi.internal.framework.BundleContextImpl$3.run(BundleContextImpl.java:771)
	at org.eclipse.osgi.internal.framework.BundleContextImpl$3.run(BundleContextImpl.java:1)
	at java.security.AccessController.doPrivileged(Native Method)
	at org.eclipse.osgi.internal.framework.BundleContextImpl.startActivator(BundleContextImpl.java:764)
	at org.eclipse.osgi.internal.framework.BundleContextImpl.start(BundleContextImpl.java:721)
	at org.eclipse.osgi.internal.framework.EquinoxBundle.startWorker0(EquinoxBundle.java:941)
	at org.eclipse.osgi.internal.framework.EquinoxBundle$EquinoxModule.startWorker(EquinoxBundle.java:318)
	at org.eclipse.osgi.container.Module.doStart(Module.java:571)
	at org.eclipse.osgi.container.Module.start(Module.java:439)
	at org.eclipse.osgi.framework.util.SecureAction.start(SecureAction.java:454)
	at org.eclipse.osgi.internal.hooks.EclipseLazyStarter.postFindLocalClass(EclipseLazyStarter.java:107)
	at org.eclipse.osgi.internal.loader.classpath.ClasspathManager.findLocalClass(ClasspathManager.java:531)
	at org.eclipse.osgi.internal.loader.ModuleClassLoader.findLocalClass(ModuleClassLoader.java:324)
	at org.eclipse.osgi.internal.loader.BundleLoader.findLocalClass(BundleLoader.java:327)
	at org.eclipse.osgi.internal.loader.BundleLoader.findClassInternal(BundleLoader.java:402)
	at org.eclipse.osgi.internal.loader.BundleLoader.findClass(BundleLoader.java:352)
	at org.eclipse.osgi.internal.loader.BundleLoader.findClass(BundleLoader.java:344)
	at org.eclipse.osgi.internal.loader.ModuleClassLoader.loadClass(ModuleClassLoader.java:160)
	at java.lang.ClassLoader.loadClass(ClassLoader.java:358)
	at org.eclipse.osgi.internal.framework.EquinoxBundle.loadClass(EquinoxBundle.java:573)
	at org.eclipse.core.internal.registry.osgi.RegistryStrategyOSGI.createExecutableExtension(RegistryStrategyOSGI.java:174)
	at org.eclipse.core.internal.registry.ExtensionRegistry.createExecutableExtension(ExtensionRegistry.java:905)
	at org.eclipse.core.internal.registry.ConfigurationElement.createExecutableExtension(ConfigurationElement.java:243)
	at org.eclipse.core.internal.registry.ConfigurationElementHandle.createExecutableExtension(ConfigurationElementHandle.java:55)
	at org.eclipse.jdt.internal.ui.filters.FilterDescriptor$1.run(FilterDescriptor.java:132)
	at org.eclipse.core.runtime.SafeRunner.run(SafeRunner.java:42)
	at org.eclipse.jdt.internal.ui.filters.FilterDescriptor.createViewerFilter(FilterDescriptor.java:136)
	at org.eclipse.jdt.ui.actions.CustomFiltersActionGroup$FilterItem.getFilterInstance(CustomFiltersActionGroup.java:187)
	at org.eclipse.jdt.ui.actions.CustomFiltersActionGroup.updateViewerFilters(CustomFiltersActionGroup.java:516)
	at org.eclipse.jdt.ui.actions.CustomFiltersActionGroup.<init>(CustomFiltersActionGroup.java:275)
	at org.eclipse.jdt.ui.actions.CustomFiltersActionGroup.<init>(CustomFiltersActionGroup.java:241)
	at org.eclipse.jdt.internal.ui.packageview.PackageExplorerActionGroup.<init>(PackageExplorerActionGroup.java:148)
	at org.eclipse.jdt.internal.ui.packageview.PackageExplorerPart.makeActions(PackageExplorerPart.java:805)
	at org.eclipse.jdt.internal.ui.packageview.PackageExplorerPart.createPartControl(PackageExplorerPart.java:505)
	at org.eclipse.ui.internal.e4.compatibility.CompatibilityPart.createPartControl(CompatibilityPart.java:151)
	at org.eclipse.ui.internal.e4.compatibility.CompatibilityView.createPartControl(CompatibilityView.java:143)
	at org.eclipse.ui.internal.e4.compatibility.CompatibilityPart.create(CompatibilityPart.java:341)
	at sun.reflect.NativeMethodAccessorImpl.invoke0(Native Method)
	at sun.reflect.NativeMethodAccessorImpl.invoke(NativeMethodAccessorImpl.java:57)
	at sun.reflect.DelegatingMethodAccessorImpl.invoke(DelegatingMethodAccessorImpl.java:43)
	at java.lang.reflect.Method.invoke(Method.java:606)
	at org.eclipse.e4.core.internal.di.MethodRequestor.execute(MethodRequestor.java:56)
	at org.eclipse.e4.core.internal.di.InjectorImpl.processAnnotated(InjectorImpl.java:898)
	at org.eclipse.e4.core.internal.di.InjectorImpl.processAnnotated(InjectorImpl.java:879)
	at org.eclipse.e4.core.internal.di.InjectorImpl.inject(InjectorImpl.java:121)
	at org.eclipse.e4.core.internal.di.InjectorImpl.internalMake(InjectorImpl.java:345)
	at org.eclipse.e4.core.internal.di.InjectorImpl.make(InjectorImpl.java:264)
	at org.eclipse.e4.core.contexts.ContextInjectionFactory.make(ContextInjectionFactory.java:162)
	at org.eclipse.e4.ui.internal.workbench.ReflectionContributionFactory.createFromBundle(ReflectionContributionFactory.java:104)
	at org.eclipse.e4.ui.internal.workbench.ReflectionContributionFactory.doCreate(ReflectionContributionFactory.java:73)
	at org.eclipse.e4.ui.internal.workbench.ReflectionContributionFactory.create(ReflectionContributionFactory.java:55)
	at org.eclipse.e4.ui.workbench.renderers.swt.ContributedPartRenderer.createWidget(ContributedPartRenderer.java:129)
	at org.eclipse.e4.ui.internal.workbench.swt.PartRenderingEngine.createWidget(PartRenderingEngine.java:971)
	at org.eclipse.e4.ui.internal.workbench.swt.PartRenderingEngine.safeCreateGui(PartRenderingEngine.java:640)
	at org.eclipse.e4.ui.internal.workbench.swt.PartRenderingEngine$1.run(PartRenderingEngine.java:525)
	at org.eclipse.core.runtime.SafeRunner.run(SafeRunner.java:42)
	at org.eclipse.e4.ui.internal.workbench.swt.PartRenderingEngine.createGui(PartRenderingEngine.java:509)
	at org.eclipse.e4.ui.workbench.renderers.swt.ElementReferenceRenderer.createWidget(ElementReferenceRenderer.java:69)
	at org.eclipse.e4.ui.internal.workbench.swt.PartRenderingEngine.createWidget(PartRenderingEngine.java:971)
	at org.eclipse.e4.ui.internal.workbench.swt.PartRenderingEngine.safeCreateGui(PartRenderingEngine.java:640)
	at org.eclipse.e4.ui.internal.workbench.swt.PartRenderingEngine.safeCreateGui(PartRenderingEngine.java:746)
	at org.eclipse.e4.ui.internal.workbench.swt.PartRenderingEngine.access$0(PartRenderingEngine.java:717)
	at org.eclipse.e4.ui.internal.workbench.swt.PartRenderingEngine$2.run(PartRenderingEngine.java:711)
	at org.eclipse.core.runtime.SafeRunner.run(SafeRunner.java:42)
	at org.eclipse.e4.ui.internal.workbench.swt.PartRenderingEngine.createGui(PartRenderingEngine.java:695)
	at org.eclipse.e4.ui.workbench.renderers.swt.StackRenderer.showTab(StackRenderer.java:1306)
	at org.eclipse.e4.ui.workbench.renderers.swt.LazyStackRenderer.postProcess(LazyStackRenderer.java:103)
	at org.eclipse.e4.ui.internal.workbench.swt.PartRenderingEngine.safeCreateGui(PartRenderingEngine.java:658)
	at org.eclipse.e4.ui.internal.workbench.swt.PartRenderingEngine.safeCreateGui(PartRenderingEngine.java:746)
	at org.eclipse.e4.ui.internal.workbench.swt.PartRenderingEngine.access$0(PartRenderingEngine.java:717)
	at org.eclipse.e4.ui.internal.workbench.swt.PartRenderingEngine$2.run(PartRenderingEngine.java:711)
	at org.eclipse.core.runtime.SafeRunner.run(SafeRunner.java:42)
	at org.eclipse.e4.ui.internal.workbench.swt.PartRenderingEngine.createGui(PartRenderingEngine.java:695)
	at org.eclipse.e4.ui.workbench.renderers.swt.SWTPartRenderer.processContents(SWTPartRenderer.java:71)
	at org.eclipse.e4.ui.workbench.renderers.swt.SashRenderer.processContents(SashRenderer.java:151)
	at org.eclipse.e4.ui.internal.workbench.swt.PartRenderingEngine.safeCreateGui(PartRenderingEngine.java:654)
	at org.eclipse.e4.ui.internal.workbench.swt.PartRenderingEngine.safeCreateGui(PartRenderingEngine.java:746)
	at org.eclipse.e4.ui.internal.workbench.swt.PartRenderingEngine.access$0(PartRenderingEngine.java:717)
	at org.eclipse.e4.ui.internal.workbench.swt.PartRenderingEngine$2.run(PartRenderingEngine.java:711)
	at org.eclipse.core.runtime.SafeRunner.run(SafeRunner.java:42)
	at org.eclipse.e4.ui.internal.workbench.swt.PartRenderingEngine.createGui(PartRenderingEngine.java:695)
	at org.eclipse.e4.ui.workbench.renderers.swt.SWTPartRenderer.processContents(SWTPartRenderer.java:71)
	at org.eclipse.e4.ui.workbench.renderers.swt.PerspectiveRenderer.processContents(PerspectiveRenderer.java:49)
	at org.eclipse.e4.ui.internal.workbench.swt.PartRenderingEngine.safeCreateGui(PartRenderingEngine.java:654)
	at org.eclipse.e4.ui.internal.workbench.swt.PartRenderingEngine.safeCreateGui(PartRenderingEngine.java:746)
	at org.eclipse.e4.ui.internal.workbench.swt.PartRenderingEngine.access$0(PartRenderingEngine.java:717)
	at org.eclipse.e4.ui.internal.workbench.swt.PartRenderingEngine$2.run(PartRenderingEngine.java:711)
	at org.eclipse.core.runtime.SafeRunner.run(SafeRunner.java:42)
	at org.eclipse.e4.ui.internal.workbench.swt.PartRenderingEngine.createGui(PartRenderingEngine.java:695)
	at org.eclipse.e4.ui.workbench.renderers.swt.PerspectiveStackRenderer.showTab(PerspectiveStackRenderer.java:82)
	at org.eclipse.e4.ui.workbench.renderers.swt.LazyStackRenderer.postProcess(LazyStackRenderer.java:103)
	at org.eclipse.e4.ui.workbench.renderers.swt.PerspectiveStackRenderer.postProcess(PerspectiveStackRenderer.java:63)
	at org.eclipse.e4.ui.internal.workbench.swt.PartRenderingEngine.safeCreateGui(PartRenderingEngine.java:658)
	at org.eclipse.e4.ui.internal.workbench.swt.PartRenderingEngine.safeCreateGui(PartRenderingEngine.java:746)
	at org.eclipse.e4.ui.internal.workbench.swt.PartRenderingEngine.access$0(PartRenderingEngine.java:717)
	at org.eclipse.e4.ui.internal.workbench.swt.PartRenderingEngine$2.run(PartRenderingEngine.java:711)
	at org.eclipse.core.runtime.SafeRunner.run(SafeRunner.java:42)
	at org.eclipse.e4.ui.internal.workbench.swt.PartRenderingEngine.createGui(PartRenderingEngine.java:695)
	at org.eclipse.e4.ui.workbench.renderers.swt.SWTPartRenderer.processContents(SWTPartRenderer.java:71)
	at org.eclipse.e4.ui.workbench.renderers.swt.SashRenderer.processContents(SashRenderer.java:151)
	at org.eclipse.e4.ui.internal.workbench.swt.PartRenderingEngine.safeCreateGui(PartRenderingEngine.java:654)
	at org.eclipse.e4.ui.internal.workbench.swt.PartRenderingEngine.safeCreateGui(PartRenderingEngine.java:746)
	at org.eclipse.e4.ui.internal.workbench.swt.PartRenderingEngine.access$0(PartRenderingEngine.java:717)
	at org.eclipse.e4.ui.internal.workbench.swt.PartRenderingEngine$2.run(PartRenderingEngine.java:711)
	at org.eclipse.core.runtime.SafeRunner.run(SafeRunner.java:42)
	at org.eclipse.e4.ui.internal.workbench.swt.PartRenderingEngine.createGui(PartRenderingEngine.java:695)
	at org.eclipse.e4.ui.workbench.renderers.swt.SWTPartRenderer.processContents(SWTPartRenderer.java:71)
	at org.eclipse.e4.ui.workbench.renderers.swt.WBWRenderer.processContents(WBWRenderer.java:614)
	at org.eclipse.e4.ui.internal.workbench.swt.PartRenderingEngine.safeCreateGui(PartRenderingEngine.java:654)
	at org.eclipse.e4.ui.internal.workbench.swt.PartRenderingEngine.safeCreateGui(PartRenderingEngine.java:746)
	at org.eclipse.e4.ui.internal.workbench.swt.PartRenderingEngine.access$0(PartRenderingEngine.java:717)
	at org.eclipse.e4.ui.internal.workbench.swt.PartRenderingEngine$2.run(PartRenderingEngine.java:711)
	at org.eclipse.core.runtime.SafeRunner.run(SafeRunner.java:42)
	at org.eclipse.e4.ui.internal.workbench.swt.PartRenderingEngine.createGui(PartRenderingEngine.java:695)
	at org.eclipse.e4.ui.internal.workbench.swt.PartRenderingEngine$4.run(PartRenderingEngine.java:1061)
	at org.eclipse.core.databinding.observable.Realm.runWithDefault(Realm.java:337)
	at org.eclipse.e4.ui.internal.workbench.swt.PartRenderingEngine.run(PartRenderingEngine.java:1018)
	at org.eclipse.e4.ui.internal.workbench.E4Workbench.createAndRunUI(E4Workbench.java:156)
	at org.eclipse.ui.internal.Workbench$5.run(Workbench.java:654)
	at org.eclipse.core.databinding.observable.Realm.runWithDefault(Realm.java:337)
	at org.eclipse.ui.internal.Workbench.createAndRunWorkbench(Workbench.java:598)
	at org.eclipse.ui.PlatformUI.createAndRunWorkbench(PlatformUI.java:150)
	at org.eclipse.ui.internal.ide.application.IDEApplication.start(IDEApplication.java:139)
	at org.eclipse.equinox.internal.app.EclipseAppHandle.run(EclipseAppHandle.java:196)
	at org.eclipse.core.runtime.internal.adaptor.EclipseAppLauncher.runApplication(EclipseAppLauncher.java:134)
	at org.eclipse.core.runtime.internal.adaptor.EclipseAppLauncher.start(EclipseAppLauncher.java:104)
	at org.eclipse.core.runtime.adaptor.EclipseStarter.run(EclipseStarter.java:380)
	at org.eclipse.core.runtime.adaptor.EclipseStarter.run(EclipseStarter.java:235)
	at sun.reflect.NativeMethodAccessorImpl.invoke0(Native Method)
	at sun.reflect.NativeMethodAccessorImpl.invoke(NativeMethodAccessorImpl.java:57)
	at sun.reflect.DelegatingMethodAccessorImpl.invoke(DelegatingMethodAccessorImpl.java:43)
	at java.lang.reflect.Method.invoke(Method.java:606)
	at org.eclipse.equinox.launcher.Main.invokeFramework(Main.java:669)
	at org.eclipse.equinox.launcher.Main.basicRun(Main.java:608)
	at org.eclipse.equinox.launcher.Main.run(Main.java:1515)
	at org.eclipse.equinox.launcher.Main.main(Main.java:1488)
Caused by: com.cedarsoftware.util.io.JsonIoException: EOF reached prematurely
	at com.cedarsoftware.util.io.JsonParser.error(JsonParser.java:584)
	at com.cedarsoftware.util.io.JsonParser.readValue(JsonParser.java:278)
	at com.cedarsoftware.util.io.JsonReader.readObject(JsonReader.java:521)
	... 152 more
2016-01-23 21:49:46,738  WARN [org.eclipse.jface.text.reconciler.MonoReconciler] - ScalaProject - Project HelloScala has platform default sourceLevel.
2016-01-23 21:49:46,738  WARN [org.eclipse.jface.text.reconciler.MonoReconciler] - ScalaProject - Project HelloScala runs on platform default installation.
2016-01-23 21:49:46,744  WARN [org.eclipse.jface.text.reconciler.MonoReconciler] - ScalaProject - Project HelloScala has platform default sourceLevel.
2016-01-23 21:49:46,745  WARN [org.eclipse.jface.text.reconciler.MonoReconciler] - ScalaProject - Project HelloScala runs on platform default installation.
2016-01-23 21:50:02,254  WARN [Worker-12] - ScalaProject - Project HelloScala has platform default sourceLevel.
2016-01-23 21:50:02,254  WARN [Worker-12] - ScalaProject - Project HelloScala runs on platform default installation.
2016-01-23 21:50:02,336  WARN [Worker-12] - ScalaProject - Project HelloScala has platform default sourceLevel.
2016-01-23 21:50:02,336  WARN [Worker-12] - ScalaProject - Project HelloScala runs on platform default installation.
2016-01-23 21:50:17,512  WARN [Worker-4] - ScalaProject - Project HelloScala has platform default sourceLevel.
2016-01-23 21:50:17,512  WARN [Worker-4] - ScalaProject - Project HelloScala runs on platform default installation.
2016-01-23 21:50:37,061  WARN [Worker-11] - ScalaProject - Project HelloScala has platform default sourceLevel.
2016-01-23 21:50:37,061  WARN [Worker-11] - ScalaProject - Project HelloScala runs on platform default installation.
2016-01-23 21:51:02,101  WARN [Worker-0] - ScalaProject - Project HelloScala has platform default sourceLevel.
2016-01-23 21:51:02,102  WARN [Worker-0] - ScalaProject - Project HelloScala runs on platform default installation.
2016-01-23 21:51:03,260  WARN [Worker-0] - ScalaProject - Project HelloScala has platform default sourceLevel.
2016-01-23 21:51:03,260  WARN [Worker-0] - ScalaProject - Project HelloScala runs on platform default installation.
2016-01-23 21:56:18,738  WARN [main] - ScalaProject - Project HelloScala has platform default sourceLevel.
2016-01-23 21:56:18,738  WARN [main] - ScalaProject - Project HelloScala runs on platform default installation.
2016-01-23 21:56:19,049  WARN [Worker-6] - ScalaProject - Project HelloScala has platform default sourceLevel.
2016-01-23 21:56:19,049  WARN [Worker-6] - ScalaProject - Project HelloScala runs on platform default installation.
2016-01-23 21:57:07,940  WARN [Worker-13] - ScalaProject - Project HelloScala has platform default sourceLevel.
2016-01-23 21:57:07,941  WARN [Worker-13] - ScalaProject - Project HelloScala runs on platform default installation.
2016-01-23 21:58:21,313  WARN [Worker-13] - ScalaProject - Project HelloScala has platform default sourceLevel.
2016-01-23 21:58:21,313  WARN [Worker-13] - ScalaProject - Project HelloScala runs on platform default installation.
2016-01-23 21:58:22,563  WARN [Worker-13] - ScalaProject - Project HelloScala has platform default sourceLevel.
2016-01-23 21:58:22,563  WARN [Worker-13] - ScalaProject - Project HelloScala runs on platform default installation.
2016-01-23 22:01:18,206  WARN [Worker-10] - ScalaProject - Project HelloScala has platform default sourceLevel.
2016-01-23 22:01:18,206  WARN [Worker-10] - ScalaProject - Project HelloScala runs on platform default installation.
2016-01-23 22:01:29,571  WARN [Worker-6] - ScalaProject - Project HelloScala has platform default sourceLevel.
2016-01-23 22:01:29,571  WARN [Worker-6] - ScalaProject - Project HelloScala runs on platform default installation.
2016-01-23 22:01:38,862  WARN [Worker-10] - ScalaProject - Project HelloScala has platform default sourceLevel.
2016-01-23 22:01:38,862  WARN [Worker-10] - ScalaProject - Project HelloScala runs on platform default installation.
2016-01-23 22:01:39,181  WARN [Worker-10] - ScalaProject - Project HelloScala has platform default sourceLevel.
2016-01-23 22:01:39,181  WARN [Worker-10] - ScalaProject - Project HelloScala runs on platform default installation.
2016-01-23 22:01:48,821  WARN [Worker-13] - ScalaProject - Project HelloScala has platform default sourceLevel.
2016-01-23 22:01:48,821  WARN [Worker-13] - ScalaProject - Project HelloScala runs on platform default installation.
2016-01-23 22:01:49,235  WARN [Worker-7] - ScalaProject - Project HelloScala has platform default sourceLevel.
2016-01-23 22:01:49,235  WARN [Worker-7] - ScalaProject - Project HelloScala runs on platform default installation.
2016-01-23 22:02:02,393  WARN [Worker-4] - ScalaProject - Project HelloScala has platform default sourceLevel.
2016-01-23 22:02:02,394  WARN [Worker-4] - ScalaProject - Project HelloScala runs on platform default installation.
2016-01-23 22:02:02,718  WARN [Worker-13] - ScalaProject - Project HelloScala has platform default sourceLevel.
2016-01-23 22:02:02,718  WARN [Worker-13] - ScalaProject - Project HelloScala runs on platform default installation.
2016-01-23 22:02:12,571  WARN [Worker-12] - ScalaProject - Project HelloScala has platform default sourceLevel.
2016-01-23 22:02:12,571  WARN [Worker-12] - ScalaProject - Project HelloScala runs on platform default installation.
2016-01-23 22:02:14,098  WARN [Worker-4] - ScalaProject - Project HelloScala has platform default sourceLevel.
2016-01-23 22:02:14,098  WARN [Worker-4] - ScalaProject - Project HelloScala runs on platform default installation.
2016-01-23 22:02:27,841  WARN [Worker-5] - ScalaProject - Project HelloScala has platform default sourceLevel.
2016-01-23 22:02:27,841  WARN [Worker-5] - ScalaProject - Project HelloScala runs on platform default installation.
2016-01-23 22:02:28,187  WARN [Worker-5] - ScalaProject - Project HelloScala has platform default sourceLevel.
2016-01-23 22:02:28,187  WARN [Worker-5] - ScalaProject - Project HelloScala runs on platform default installation.
2016-01-23 22:02:30,749  WARN [Worker-4] - ScalaProject - Project HelloScala has platform default sourceLevel.
2016-01-23 22:02:30,749  WARN [Worker-4] - ScalaProject - Project HelloScala runs on platform default installation.
2016-01-23 22:02:31,204  WARN [Worker-4] - ScalaProject - Project HelloScala has platform default sourceLevel.
2016-01-23 22:02:31,204  WARN [Worker-4] - ScalaProject - Project HelloScala runs on platform default installation.
2016-01-23 22:02:46,181  WARN [Worker-6] - ScalaProject - Project HelloScala has platform default sourceLevel.
2016-01-23 22:02:46,182  WARN [Worker-6] - ScalaProject - Project HelloScala runs on platform default installation.
2016-01-23 22:02:49,725  WARN [Worker-13] - ScalaProject - Project HelloScala has platform default sourceLevel.
2016-01-23 22:02:49,725  WARN [Worker-13] - ScalaProject - Project HelloScala runs on platform default installation.
2016-01-23 22:02:51,431  WARN [Worker-6] - ScalaProject - Project HelloScala has platform default sourceLevel.
2016-01-23 22:02:51,432  WARN [Worker-6] - ScalaProject - Project HelloScala runs on platform default installation.
2016-01-23 22:02:52,673  WARN [Worker-12] - ScalaProject - Project HelloScala has platform default sourceLevel.
2016-01-23 22:02:52,673  WARN [Worker-12] - ScalaProject - Project HelloScala runs on platform default installation.
2016-01-23 22:02:53,927  WARN [Worker-6] - ScalaProject - Project HelloScala has platform default sourceLevel.
2016-01-23 22:02:53,927  WARN [Worker-6] - ScalaProject - Project HelloScala runs on platform default installation.
2016-01-23 22:10:06,865  WARN [Worker-13] - ScalaProject - Project HelloScala has platform default sourceLevel.
2016-01-23 22:10:06,865  WARN [Worker-13] - ScalaProject - Project HelloScala runs on platform default installation.
2016-01-23 22:10:08,102  WARN [Worker-13] - ScalaProject - Project HelloScala has platform default sourceLevel.
2016-01-23 22:10:08,102  WARN [Worker-13] - ScalaProject - Project HelloScala runs on platform default installation.
2016-01-23 22:10:42,569  WARN [Worker-12] - ScalaProject - Project HelloScala has platform default sourceLevel.
2016-01-23 22:10:42,569  WARN [Worker-12] - ScalaProject - Project HelloScala runs on platform default installation.
2016-01-23 22:10:43,807  WARN [Worker-12] - ScalaProject - Project HelloScala has platform default sourceLevel.
2016-01-23 22:10:43,807  WARN [Worker-12] - ScalaProject - Project HelloScala runs on platform default installation.
2016-01-23 22:10:57,714  WARN [Worker-4] - ScalaProject - Project HelloScala has platform default sourceLevel.
2016-01-23 22:10:57,714  WARN [Worker-4] - ScalaProject - Project HelloScala runs on platform default installation.
2016-01-23 22:10:58,905  WARN [Worker-7] - ScalaProject - Project HelloScala has platform default sourceLevel.
2016-01-23 22:10:58,905  WARN [Worker-7] - ScalaProject - Project HelloScala runs on platform default installation.
2016-01-23 22:11:11,777  WARN [Worker-13] - ScalaProject - Project HelloScala has platform default sourceLevel.
2016-01-23 22:11:11,777  WARN [Worker-13] - ScalaProject - Project HelloScala runs on platform default installation.
2016-01-23 22:11:12,967  WARN [Worker-15] - ScalaProject - Project HelloScala has platform default sourceLevel.
2016-01-23 22:11:12,967  WARN [Worker-15] - ScalaProject - Project HelloScala runs on platform default installation.
2016-01-24 14:55:11,263  WARN [Worker-33] - ScalaProject - Project HelloScala has platform default sourceLevel.
2016-01-24 14:55:11,265  WARN [Worker-33] - ScalaProject - Project HelloScala runs on platform default installation.
2016-01-24 15:05:30,704 ERROR [main] - org.scala-ide.sdt.core - org.scala-ide.sdt.core - org.scala-ide.sdt.core - 0 - Throwable during asyncExec
java.lang.NullPointerException
	at scala.reflect.internal.Definitions$DefinitionsClass.isByNameParamType(Definitions.scala:379)
	at scala.reflect.internal.TreeInfo.isStableIdent(TreeInfo.scala:130)
	at scala.reflect.internal.TreeInfo.isStableIdentifier(TreeInfo.scala:105)
	at scala.reflect.internal.TreeInfo.isPath(TreeInfo.scala:95)
	at scala.reflect.internal.TreeInfo.admitsTypeSelection(TreeInfo.scala:147)
	at scala.tools.nsc.interactive.Global.stabilizedType(Global.scala:961)
	at scala.tools.nsc.interactive.Global.typedTreeAt(Global.scala:810)
	at scala.tools.nsc.interactive.Global$$anonfun$getTypedTreeAt$1.apply(Global.scala:840)
	at scala.tools.nsc.interactive.Global$$anonfun$getTypedTreeAt$1.apply(Global.scala:840)
	at scala.tools.nsc.interactive.Global$$anonfun$respond$1.apply(Global.scala:699)
	at scala.tools.nsc.interactive.Global$$anonfun$respond$1.apply(Global.scala:699)
	at scala.tools.nsc.interactive.Global.respondGradually(Global.scala:706)
	at scala.tools.nsc.interactive.Global.respond(Global.scala:699)
	at scala.tools.nsc.interactive.Global.getTypedTreeAt(Global.scala:840)
	at scala.tools.nsc.interactive.CompilerControl$AskTypeAtItem.apply$mcV$sp(CompilerControl.scala:326)
	at scala.tools.nsc.interactive.Global$$anonfun$pollForWork$1.apply$mcV$sp(Global.scala:504)
	at scala.util.control.Breaks.breakable(Breaks.scala:38)
	at scala.tools.nsc.interactive.Global.pollForWork(Global.scala:429)
	at scala.tools.nsc.interactive.Global.checkForMoreWork(Global.scala:518)
	at scala.tools.nsc.interactive.Global.signalParseProgress(Global.scala:329)
	at scala.tools.nsc.ast.parser.Parsers$Parser.funDefRest(Parsers.scala:2619)
	at scala.tools.nsc.ast.parser.Parsers$Parser.funDefOrDcl(Parsers.scala:2576)
	at scala.tools.nsc.ast.parser.Parsers$Parser.defOrDcl(Parsers.scala:2461)
	at scala.tools.nsc.ast.parser.Parsers$Parser.nonLocalDefOrDcl(Parsers.scala:2473)
	at scala.tools.nsc.ast.parser.Parsers$Parser$$anonfun$templateStat$1$$anonfun$applyOrElse$3.apply(Parsers.scala:3030)
	at scala.tools.nsc.ast.parser.Parsers$Parser$$anonfun$templateStat$1$$anonfun$applyOrElse$3.apply(Parsers.scala:3030)
	at scala.tools.nsc.doc.ScaladocSyntaxAnalyzer$ScaladocUnitParser.joinComment(ScaladocAnalyzer.scala:259)
	at scala.tools.nsc.ast.parser.Parsers$Parser$$anonfun$templateStat$1.applyOrElse(Parsers.scala:3030)
	at scala.tools.nsc.ast.parser.Parsers$Parser$$anonfun$templateStat$1.applyOrElse(Parsers.scala:3025)
	at scala.tools.nsc.ast.parser.Parsers$Parser.statSeq(Parsers.scala:2957)
	at scala.tools.nsc.ast.parser.Parsers$Parser.templateStats(Parsers.scala:3024)
	at scala.tools.nsc.ast.parser.Parsers$Parser$$anonfun$templateStatSeq$1.apply(Parsers.scala:3011)
	at scala.tools.nsc.ast.parser.Parsers$Parser$$anonfun$templateStatSeq$1.apply(Parsers.scala:2988)
	at scala.tools.nsc.ast.parser.Parsers$Parser.checkNoEscapingPlaceholders(Parsers.scala:462)
	at scala.tools.nsc.ast.parser.Parsers$Parser.templateStatSeq(Parsers.scala:2988)
	at scala.tools.nsc.ast.parser.Parsers$Parser.templateBody(Parsers.scala:2917)
	at scala.tools.nsc.ast.parser.Parsers$Parser.templateBodyOpt(Parsers.scala:2924)
	at scala.tools.nsc.ast.parser.Parsers$Parser.templateOpt(Parsers.scala:2888)
	at scala.tools.nsc.ast.parser.Parsers$Parser.objectDef(Parsers.scala:2773)
	at scala.tools.nsc.ast.parser.Parsers$Parser.tmplDef(Parsers.scala:2712)
	at scala.tools.nsc.ast.parser.Parsers$Parser.topLevelTmplDef(Parsers.scala:2693)
	at scala.tools.nsc.ast.parser.Parsers$Parser$$anonfun$topStat$1$$anonfun$applyOrElse$2.apply(Parsers.scala:2980)
	at scala.tools.nsc.ast.parser.Parsers$Parser$$anonfun$topStat$1$$anonfun$applyOrElse$2.apply(Parsers.scala:2980)
	at scala.tools.nsc.doc.ScaladocSyntaxAnalyzer$ScaladocUnitParser.joinComment(ScaladocAnalyzer.scala:259)
	at scala.tools.nsc.ast.parser.Parsers$Parser$$anonfun$topStat$1.applyOrElse(Parsers.scala:2980)
	at scala.tools.nsc.ast.parser.Parsers$Parser$$anonfun$topStat$1.applyOrElse(Parsers.scala:2973)
	at scala.tools.nsc.ast.parser.Parsers$Parser.statSeq(Parsers.scala:2957)
	at scala.tools.nsc.ast.parser.Parsers$Parser.topStatSeq(Parsers.scala:2972)
	at scala.tools.nsc.ast.parser.Parsers$Parser$$anonfun$compilationUnit$1.topstats$1(Parsers.scala:3170)
	at scala.tools.nsc.ast.parser.Parsers$Parser$$anonfun$compilationUnit$1.apply(Parsers.scala:3176)
	at scala.tools.nsc.ast.parser.Parsers$Parser$$anonfun$compilationUnit$1.apply(Parsers.scala:3138)
	at scala.tools.nsc.ast.parser.Parsers$Parser.checkNoEscapingPlaceholders(Parsers.scala:462)
	at scala.tools.nsc.ast.parser.Parsers$Parser.compilationUnit(Parsers.scala:3138)
	at scala.tools.nsc.ast.parser.Parsers$SourceFileParser$$anonfun$parseStartRule$1.apply(Parsers.scala:146)
	at scala.tools.nsc.ast.parser.Parsers$SourceFileParser$$anonfun$parseStartRule$1.apply(Parsers.scala:146)
	at scala.tools.nsc.ast.parser.Parsers$Parser$$anonfun$parse$1.apply(Parsers.scala:352)
	at scala.tools.nsc.ast.parser.Parsers$Parser$$anonfun$parse$1.apply(Parsers.scala:352)
	at scala.tools.nsc.ast.parser.Parsers$Parser.parseRule(Parsers.scala:345)
	at scala.tools.nsc.ast.parser.Parsers$Parser.parse(Parsers.scala:352)
	at scala.tools.nsc.ast.parser.Parsers$UnitParser.smartParse(Parsers.scala:241)
	at scala.tools.nsc.ast.parser.SyntaxAnalyzer.scala$tools$nsc$ast$parser$SyntaxAnalyzer$$initialUnitBody(SyntaxAnalyzer.scala:87)
	at scala.tools.nsc.ast.parser.SyntaxAnalyzer$ParserPhase.apply(SyntaxAnalyzer.scala:99)
	at scala.tools.nsc.Global$GlobalPhase$$anonfun$applyPhase$1.apply$mcV$sp(Global.scala:440)
	at scala.tools.nsc.Global$GlobalPhase.withCurrentUnit(Global.scala:431)
	at scala.tools.nsc.Global$GlobalPhase.applyPhase(Global.scala:440)
	at scala.tools.nsc.Global$Run$$anonfun$compileLate$2$$anonfun$apply$1.apply(Global.scala:1609)
	at scala.tools.nsc.Global$Run$$anonfun$compileLate$2$$anonfun$apply$1.apply(Global.scala:1609)
	at scala.reflect.internal.SymbolTable.enteringPhase(SymbolTable.scala:235)
	at scala.tools.nsc.Global$Run$$anonfun$compileLate$2.apply(Global.scala:1609)
	at scala.tools.nsc.Global$Run$$anonfun$compileLate$2.apply(Global.scala:1608)
	at scala.collection.Iterator$class.foreach(Iterator.scala:742)
	at scala.collection.AbstractIterator.foreach(Iterator.scala:1194)
	at scala.tools.nsc.Global$Run.compileLate(Global.scala:1608)
	at scala.tools.nsc.interactive.Global.scala$tools$nsc$interactive$Global$$parseAndEnter(Global.scala:656)
	at scala.tools.nsc.interactive.Global.backgroundCompile(Global.scala:562)
	at scala.tools.nsc.interactive.PresentationCompilerThread.run(PresentationCompilerThread.scala:25)
2016-01-24 15:05:30,708 ERROR [main] - org.scala-ide.sdt.core - org.scala-ide.sdt.core - org.scala-ide.sdt.core - 0 - Throwable during asyncExec
java.lang.NullPointerException
	at scala.reflect.internal.Definitions$DefinitionsClass.isByNameParamType(Definitions.scala:379)
	at scala.reflect.internal.TreeInfo.isStableIdent(TreeInfo.scala:130)
	at scala.reflect.internal.TreeInfo.isStableIdentifier(TreeInfo.scala:105)
	at scala.reflect.internal.TreeInfo.isPath(TreeInfo.scala:95)
	at scala.reflect.internal.TreeInfo.admitsTypeSelection(TreeInfo.scala:147)
	at scala.tools.nsc.interactive.Global.stabilizedType(Global.scala:961)
	at scala.tools.nsc.interactive.Global.typedTreeAt(Global.scala:810)
	at scala.tools.nsc.interactive.Global.scala$tools$nsc$interactive$Global$$scopeMembers(Global.scala:1026)
	at scala.tools.nsc.interactive.Global$$anonfun$getScopeCompletion$2.apply(Global.scala:983)
	at scala.tools.nsc.interactive.Global$$anonfun$getScopeCompletion$2.apply(Global.scala:983)
	at scala.tools.nsc.interactive.Global$$anonfun$respond$1.apply(Global.scala:699)
	at scala.tools.nsc.interactive.Global$$anonfun$respond$1.apply(Global.scala:699)
	at scala.tools.nsc.interactive.Global.respondGradually(Global.scala:706)
	at scala.tools.nsc.interactive.Global.respond(Global.scala:699)
	at scala.tools.nsc.interactive.Global.getScopeCompletion(Global.scala:983)
	at scala.tools.nsc.interactive.CompilerControl$AskScopeCompletionItem.apply$mcV$sp(CompilerControl.scala:350)
	at scala.tools.nsc.interactive.Global$$anonfun$pollForWork$1.apply$mcV$sp(Global.scala:504)
	at scala.util.control.Breaks.breakable(Breaks.scala:38)
	at scala.tools.nsc.interactive.Global.pollForWork(Global.scala:429)
	at scala.tools.nsc.interactive.Global.checkForMoreWork(Global.scala:518)
	at scala.tools.nsc.interactive.Global.signalDone(Global.scala:359)
	at scala.tools.nsc.typechecker.Typers$Typer.runTyper$1(Typers.scala:5417)
	at scala.tools.nsc.typechecker.Typers$Typer.scala$tools$nsc$typechecker$Typers$Typer$$typedInternal(Typers.scala:5422)
	at scala.tools.nsc.typechecker.Typers$Typer.body$2(Typers.scala:5369)
	at scala.tools.nsc.typechecker.Typers$Typer.typed(Typers.scala:5373)
	at scala.tools.nsc.typechecker.Typers$Typer.typedType(Typers.scala:5516)
	at scala.tools.nsc.typechecker.Typers$Typer.typedType(Typers.scala:5519)
	at scala.tools.nsc.typechecker.Typers$Typer.typedDefDef(Typers.scala:2191)
	at scala.tools.nsc.typechecker.Typers$Typer.typedMemberDef$1(Typers.scala:5307)
	at scala.tools.nsc.typechecker.Typers$Typer.typed1(Typers.scala:5358)
	at scala.tools.nsc.typechecker.Typers$Typer.runTyper$1(Typers.scala:5395)
	at scala.tools.nsc.typechecker.Typers$Typer.scala$tools$nsc$typechecker$Typers$Typer$$typedInternal(Typers.scala:5422)
	at scala.tools.nsc.typechecker.Typers$Typer.body$2(Typers.scala:5369)
	at scala.tools.nsc.typechecker.Typers$Typer.typed(Typers.scala:5373)
	at scala.tools.nsc.typechecker.Typers$Typer.typedByValueExpr(Typers.scala:5451)
	at scala.tools.nsc.typechecker.Typers$Typer.scala$tools$nsc$typechecker$Typers$Typer$$typedStat$1(Typers.scala:3047)
	at scala.tools.nsc.typechecker.Typers$Typer$$anonfun$65.apply(Typers.scala:3151)
	at scala.tools.nsc.typechecker.Typers$Typer$$anonfun$65.apply(Typers.scala:3151)
	at scala.collection.immutable.List.loop$1(List.scala:173)
	at scala.collection.immutable.List.mapConserve(List.scala:189)
	at scala.tools.nsc.typechecker.Typers$Typer.typedStats(Typers.scala:3151)
	at scala.tools.nsc.typechecker.Typers$Typer.typedTemplate(Typers.scala:1921)
	at scala.tools.nsc.typechecker.Typers$Typer.typedModuleDef(Typers.scala:1808)
	at scala.tools.nsc.typechecker.Typers$Typer.typedMemberDef$1(Typers.scala:5309)
	at scala.tools.nsc.typechecker.Typers$Typer.typed1(Typers.scala:5358)
	at scala.tools.nsc.typechecker.Typers$Typer.runTyper$1(Typers.scala:5395)
	at scala.tools.nsc.typechecker.Typers$Typer.scala$tools$nsc$typechecker$Typers$Typer$$typedInternal(Typers.scala:5422)
	at scala.tools.nsc.typechecker.Typers$Typer.body$2(Typers.scala:5369)
	at scala.tools.nsc.typechecker.Typers$Typer.typed(Typers.scala:5373)
	at scala.tools.nsc.typechecker.Typers$Typer.typedByValueExpr(Typers.scala:5451)
	at scala.tools.nsc.typechecker.Typers$Typer.scala$tools$nsc$typechecker$Typers$Typer$$typedStat$1(Typers.scala:3047)
	at scala.tools.nsc.typechecker.Typers$Typer$$anonfun$65.apply(Typers.scala:3151)
	at scala.tools.nsc.typechecker.Typers$Typer$$anonfun$65.apply(Typers.scala:3151)
	at scala.collection.immutable.List.loop$1(List.scala:173)
	at scala.collection.immutable.List.mapConserve(List.scala:189)
	at scala.tools.nsc.typechecker.Typers$Typer.typedStats(Typers.scala:3151)
	at scala.tools.nsc.typechecker.Typers$Typer.typedPackageDef$1(Typers.scala:5014)
	at scala.tools.nsc.typechecker.Typers$Typer.typedMemberDef$1(Typers.scala:5311)
	at scala.tools.nsc.typechecker.Typers$Typer.typed1(Typers.scala:5358)
	at scala.tools.nsc.typechecker.Typers$Typer.runTyper$1(Typers.scala:5395)
	at scala.tools.nsc.typechecker.Typers$Typer.scala$tools$nsc$typechecker$Typers$Typer$$typedInternal(Typers.scala:5422)
	at scala.tools.nsc.typechecker.Typers$Typer.body$2(Typers.scala:5369)
	at scala.tools.nsc.typechecker.Typers$Typer.typed(Typers.scala:5373)
	at scala.tools.nsc.typechecker.Typers$Typer.typed(Typers.scala:5447)
	at scala.tools.nsc.typechecker.Analyzer$typerFactory$$anon$3.apply(Analyzer.scala:102)
	at scala.tools.nsc.Global$GlobalPhase$$anonfun$applyPhase$1.apply$mcV$sp(Global.scala:440)
	at scala.tools.nsc.Global$GlobalPhase.withCurrentUnit(Global.scala:431)
	at scala.tools.nsc.Global$GlobalPhase.applyPhase(Global.scala:440)
	at scala.tools.nsc.interactive.Global$TyperRun$$anonfun$applyPhase$1.apply(Global.scala:1225)
	at scala.tools.nsc.interactive.Global$TyperRun$$anonfun$applyPhase$1.apply(Global.scala:1225)
	at scala.reflect.internal.SymbolTable.enteringPhase(SymbolTable.scala:235)
	at scala.tools.nsc.interactive.Global$TyperRun.applyPhase(Global.scala:1225)
	at scala.tools.nsc.interactive.Global$TyperRun.typeCheck(Global.scala:1218)
	at scala.tools.nsc.interactive.Global.scala$tools$nsc$interactive$Global$$typeCheck(Global.scala:668)
	at scala.tools.nsc.interactive.Global$$anonfun$backgroundCompile$5$$anonfun$apply$8.apply(Global.scala:583)
	at scala.tools.nsc.interactive.Global$$anonfun$backgroundCompile$5.apply(Global.scala:579)
	at scala.tools.nsc.interactive.Global$$anonfun$backgroundCompile$5.apply(Global.scala:579)
	at scala.collection.TraversableLike$WithFilter$$anonfun$foreach$1.apply(TraversableLike.scala:778)
	at scala.collection.immutable.List.foreach(List.scala:381)
	at scala.collection.TraversableLike$WithFilter.foreach(TraversableLike.scala:777)
	at scala.tools.nsc.interactive.Global.backgroundCompile(Global.scala:579)
	at scala.tools.nsc.interactive.PresentationCompilerThread.run(PresentationCompilerThread.scala:25)
2016-01-24 15:05:32,556 ERROR [main] - org.scala-ide.sdt.core - org.scala-ide.sdt.core - org.scala-ide.sdt.core - 0 - Throwable during asyncExec
java.lang.NullPointerException
	at scala.reflect.internal.Definitions$DefinitionsClass.isByNameParamType(Definitions.scala:379)
	at scala.reflect.internal.TreeInfo.isStableIdent(TreeInfo.scala:130)
	at scala.reflect.internal.TreeInfo.isStableIdentifier(TreeInfo.scala:105)
	at scala.reflect.internal.TreeInfo.isPath(TreeInfo.scala:95)
	at scala.reflect.internal.TreeInfo.admitsTypeSelection(TreeInfo.scala:147)
	at scala.tools.nsc.interactive.Global.stabilizedType(Global.scala:961)
	at scala.tools.nsc.interactive.Global.typedTreeAt(Global.scala:810)
	at scala.tools.nsc.interactive.Global$$anonfun$getTypedTreeAt$1.apply(Global.scala:840)
	at scala.tools.nsc.interactive.Global$$anonfun$getTypedTreeAt$1.apply(Global.scala:840)
	at scala.tools.nsc.interactive.Global$$anonfun$respond$1.apply(Global.scala:699)
	at scala.tools.nsc.interactive.Global$$anonfun$respond$1.apply(Global.scala:699)
	at scala.tools.nsc.interactive.Global.respondGradually(Global.scala:706)
	at scala.tools.nsc.interactive.Global.respond(Global.scala:699)
	at scala.tools.nsc.interactive.Global.getTypedTreeAt(Global.scala:840)
	at scala.tools.nsc.interactive.CompilerControl$AskTypeAtItem.apply$mcV$sp(CompilerControl.scala:326)
	at scala.tools.nsc.interactive.Global$$anonfun$pollForWork$1.apply$mcV$sp(Global.scala:504)
	at scala.util.control.Breaks.breakable(Breaks.scala:38)
	at scala.tools.nsc.interactive.Global.pollForWork(Global.scala:429)
	at scala.tools.nsc.interactive.Global.checkForMoreWork(Global.scala:518)
	at scala.tools.nsc.interactive.Global.signalParseProgress(Global.scala:329)
	at scala.tools.nsc.ast.parser.Parsers$Parser.funDefRest(Parsers.scala:2619)
	at scala.tools.nsc.ast.parser.Parsers$Parser.funDefOrDcl(Parsers.scala:2576)
	at scala.tools.nsc.ast.parser.Parsers$Parser.defOrDcl(Parsers.scala:2461)
	at scala.tools.nsc.ast.parser.Parsers$Parser.nonLocalDefOrDcl(Parsers.scala:2473)
	at scala.tools.nsc.ast.parser.Parsers$Parser$$anonfun$templateStat$1$$anonfun$applyOrElse$3.apply(Parsers.scala:3030)
	at scala.tools.nsc.ast.parser.Parsers$Parser$$anonfun$templateStat$1$$anonfun$applyOrElse$3.apply(Parsers.scala:3030)
	at scala.tools.nsc.doc.ScaladocSyntaxAnalyzer$ScaladocUnitParser.joinComment(ScaladocAnalyzer.scala:259)
	at scala.tools.nsc.ast.parser.Parsers$Parser$$anonfun$templateStat$1.applyOrElse(Parsers.scala:3030)
	at scala.tools.nsc.ast.parser.Parsers$Parser$$anonfun$templateStat$1.applyOrElse(Parsers.scala:3025)
	at scala.tools.nsc.ast.parser.Parsers$Parser.statSeq(Parsers.scala:2957)
	at scala.tools.nsc.ast.parser.Parsers$Parser.templateStats(Parsers.scala:3024)
	at scala.tools.nsc.ast.parser.Parsers$Parser$$anonfun$templateStatSeq$1.apply(Parsers.scala:3011)
	at scala.tools.nsc.ast.parser.Parsers$Parser$$anonfun$templateStatSeq$1.apply(Parsers.scala:2988)
	at scala.tools.nsc.ast.parser.Parsers$Parser.checkNoEscapingPlaceholders(Parsers.scala:462)
	at scala.tools.nsc.ast.parser.Parsers$Parser.templateStatSeq(Parsers.scala:2988)
	at scala.tools.nsc.ast.parser.Parsers$Parser.templateBody(Parsers.scala:2917)
	at scala.tools.nsc.ast.parser.Parsers$Parser.templateBodyOpt(Parsers.scala:2924)
	at scala.tools.nsc.ast.parser.Parsers$Parser.templateOpt(Parsers.scala:2888)
	at scala.tools.nsc.ast.parser.Parsers$Parser.objectDef(Parsers.scala:2773)
	at scala.tools.nsc.ast.parser.Parsers$Parser.tmplDef(Parsers.scala:2712)
	at scala.tools.nsc.ast.parser.Parsers$Parser.topLevelTmplDef(Parsers.scala:2693)
	at scala.tools.nsc.ast.parser.Parsers$Parser$$anonfun$topStat$1$$anonfun$applyOrElse$2.apply(Parsers.scala:2980)
	at scala.tools.nsc.ast.parser.Parsers$Parser$$anonfun$topStat$1$$anonfun$applyOrElse$2.apply(Parsers.scala:2980)
	at scala.tools.nsc.doc.ScaladocSyntaxAnalyzer$ScaladocUnitParser.joinComment(ScaladocAnalyzer.scala:259)
	at scala.tools.nsc.ast.parser.Parsers$Parser$$anonfun$topStat$1.applyOrElse(Parsers.scala:2980)
	at scala.tools.nsc.ast.parser.Parsers$Parser$$anonfun$topStat$1.applyOrElse(Parsers.scala:2973)
	at scala.tools.nsc.ast.parser.Parsers$Parser.statSeq(Parsers.scala:2957)
	at scala.tools.nsc.ast.parser.Parsers$Parser.topStatSeq(Parsers.scala:2972)
	at scala.tools.nsc.ast.parser.Parsers$Parser$$anonfun$compilationUnit$1.topstats$1(Parsers.scala:3170)
	at scala.tools.nsc.ast.parser.Parsers$Parser$$anonfun$compilationUnit$1.apply(Parsers.scala:3176)
	at scala.tools.nsc.ast.parser.Parsers$Parser$$anonfun$compilationUnit$1.apply(Parsers.scala:3138)
	at scala.tools.nsc.ast.parser.Parsers$Parser.checkNoEscapingPlaceholders(Parsers.scala:462)
	at scala.tools.nsc.ast.parser.Parsers$Parser.compilationUnit(Parsers.scala:3138)
	at scala.tools.nsc.ast.parser.Parsers$SourceFileParser$$anonfun$parseStartRule$1.apply(Parsers.scala:146)
	at scala.tools.nsc.ast.parser.Parsers$SourceFileParser$$anonfun$parseStartRule$1.apply(Parsers.scala:146)
	at scala.tools.nsc.ast.parser.Parsers$Parser$$anonfun$parse$1.apply(Parsers.scala:352)
	at scala.tools.nsc.ast.parser.Parsers$Parser$$anonfun$parse$1.apply(Parsers.scala:352)
	at scala.tools.nsc.ast.parser.Parsers$Parser.parseRule(Parsers.scala:345)
	at scala.tools.nsc.ast.parser.Parsers$Parser.parse(Parsers.scala:352)
	at scala.tools.nsc.ast.parser.Parsers$UnitParser.smartParse(Parsers.scala:241)
	at scala.tools.nsc.ast.parser.SyntaxAnalyzer.scala$tools$nsc$ast$parser$SyntaxAnalyzer$$initialUnitBody(SyntaxAnalyzer.scala:87)
	at scala.tools.nsc.ast.parser.SyntaxAnalyzer$ParserPhase.apply(SyntaxAnalyzer.scala:99)
	at scala.tools.nsc.Global$GlobalPhase$$anonfun$applyPhase$1.apply$mcV$sp(Global.scala:440)
	at scala.tools.nsc.Global$GlobalPhase.withCurrentUnit(Global.scala:431)
	at scala.tools.nsc.Global$GlobalPhase.applyPhase(Global.scala:440)
	at scala.tools.nsc.Global$Run$$anonfun$compileLate$2$$anonfun$apply$1.apply(Global.scala:1609)
	at scala.tools.nsc.Global$Run$$anonfun$compileLate$2$$anonfun$apply$1.apply(Global.scala:1609)
	at scala.reflect.internal.SymbolTable.enteringPhase(SymbolTable.scala:235)
	at scala.tools.nsc.Global$Run$$anonfun$compileLate$2.apply(Global.scala:1609)
	at scala.tools.nsc.Global$Run$$anonfun$compileLate$2.apply(Global.scala:1608)
	at scala.collection.Iterator$class.foreach(Iterator.scala:742)
	at scala.collection.AbstractIterator.foreach(Iterator.scala:1194)
	at scala.tools.nsc.Global$Run.compileLate(Global.scala:1608)
	at scala.tools.nsc.interactive.Global.scala$tools$nsc$interactive$Global$$parseAndEnter(Global.scala:656)
	at scala.tools.nsc.interactive.Global.backgroundCompile(Global.scala:562)
	at scala.tools.nsc.interactive.PresentationCompilerThread.run(PresentationCompilerThread.scala:25)
2016-01-24 15:05:32,558 ERROR [main] - org.scala-ide.sdt.core - org.scala-ide.sdt.core - org.scala-ide.sdt.core - 0 - Throwable during asyncExec
java.lang.NullPointerException
	at scala.reflect.internal.Definitions$DefinitionsClass.isByNameParamType(Definitions.scala:379)
	at scala.reflect.internal.TreeInfo.isStableIdent(TreeInfo.scala:130)
	at scala.reflect.internal.TreeInfo.isStableIdentifier(TreeInfo.scala:105)
	at scala.reflect.internal.TreeInfo.isPath(TreeInfo.scala:95)
	at scala.reflect.internal.TreeInfo.admitsTypeSelection(TreeInfo.scala:147)
	at scala.tools.nsc.interactive.Global.stabilizedType(Global.scala:961)
	at scala.tools.nsc.interactive.Global.typedTreeAt(Global.scala:810)
	at scala.tools.nsc.interactive.Global.scala$tools$nsc$interactive$Global$$scopeMembers(Global.scala:1026)
	at scala.tools.nsc.interactive.Global$$anonfun$getScopeCompletion$2.apply(Global.scala:983)
	at scala.tools.nsc.interactive.Global$$anonfun$getScopeCompletion$2.apply(Global.scala:983)
	at scala.tools.nsc.interactive.Global$$anonfun$respond$1.apply(Global.scala:699)
	at scala.tools.nsc.interactive.Global$$anonfun$respond$1.apply(Global.scala:699)
	at scala.tools.nsc.interactive.Global.respondGradually(Global.scala:706)
	at scala.tools.nsc.interactive.Global.respond(Global.scala:699)
	at scala.tools.nsc.interactive.Global.getScopeCompletion(Global.scala:983)
	at scala.tools.nsc.interactive.CompilerControl$AskScopeCompletionItem.apply$mcV$sp(CompilerControl.scala:350)
	at scala.tools.nsc.interactive.Global$$anonfun$pollForWork$1.apply$mcV$sp(Global.scala:504)
	at scala.util.control.Breaks.breakable(Breaks.scala:38)
	at scala.tools.nsc.interactive.Global.pollForWork(Global.scala:429)
	at scala.tools.nsc.interactive.Global.checkForMoreWork(Global.scala:518)
	at scala.tools.nsc.interactive.Global.signalDone(Global.scala:359)
	at scala.tools.nsc.typechecker.Typers$Typer.runTyper$1(Typers.scala:5417)
	at scala.tools.nsc.typechecker.Typers$Typer.scala$tools$nsc$typechecker$Typers$Typer$$typedInternal(Typers.scala:5422)
	at scala.tools.nsc.typechecker.Typers$Typer.body$2(Typers.scala:5369)
	at scala.tools.nsc.typechecker.Typers$Typer.typed(Typers.scala:5373)
	at scala.tools.nsc.typechecker.Typers$Typer.typedQualifier(Typers.scala:5471)
	at scala.tools.nsc.typechecker.Typers$Typer.typedQualifier(Typers.scala:5479)
	at scala.tools.nsc.typechecker.Typers$Typer.typedPackageDef$1(Typers.scala:5011)
	at scala.tools.nsc.typechecker.Typers$Typer.typedMemberDef$1(Typers.scala:5311)
	at scala.tools.nsc.typechecker.Typers$Typer.typed1(Typers.scala:5358)
	at scala.tools.nsc.typechecker.Typers$Typer.runTyper$1(Typers.scala:5395)
	at scala.tools.nsc.typechecker.Typers$Typer.scala$tools$nsc$typechecker$Typers$Typer$$typedInternal(Typers.scala:5422)
	at scala.tools.nsc.typechecker.Typers$Typer.body$2(Typers.scala:5369)
	at scala.tools.nsc.typechecker.Typers$Typer.typed(Typers.scala:5373)
	at scala.tools.nsc.typechecker.Typers$Typer.typed(Typers.scala:5447)
	at scala.tools.nsc.typechecker.Analyzer$typerFactory$$anon$3.apply(Analyzer.scala:102)
	at scala.tools.nsc.Global$GlobalPhase$$anonfun$applyPhase$1.apply$mcV$sp(Global.scala:440)
	at scala.tools.nsc.Global$GlobalPhase.withCurrentUnit(Global.scala:431)
	at scala.tools.nsc.Global$GlobalPhase.applyPhase(Global.scala:440)
	at scala.tools.nsc.interactive.Global$TyperRun$$anonfun$applyPhase$1.apply(Global.scala:1225)
	at scala.tools.nsc.interactive.Global$TyperRun$$anonfun$applyPhase$1.apply(Global.scala:1225)
	at scala.reflect.internal.SymbolTable.enteringPhase(SymbolTable.scala:235)
	at scala.tools.nsc.interactive.Global$TyperRun.applyPhase(Global.scala:1225)
	at scala.tools.nsc.interactive.Global$TyperRun.typeCheck(Global.scala:1218)
	at scala.tools.nsc.interactive.Global.scala$tools$nsc$interactive$Global$$typeCheck(Global.scala:668)
	at scala.tools.nsc.interactive.Global$$anonfun$backgroundCompile$5$$anonfun$apply$8.apply(Global.scala:583)
	at scala.tools.nsc.interactive.Global$$anonfun$backgroundCompile$5.apply(Global.scala:579)
	at scala.tools.nsc.interactive.Global$$anonfun$backgroundCompile$5.apply(Global.scala:579)
	at scala.collection.TraversableLike$WithFilter$$anonfun$foreach$1.apply(TraversableLike.scala:778)
	at scala.collection.immutable.List.foreach(List.scala:381)
	at scala.collection.TraversableLike$WithFilter.foreach(TraversableLike.scala:777)
	at scala.tools.nsc.interactive.Global.backgroundCompile(Global.scala:579)
	at scala.tools.nsc.interactive.PresentationCompilerThread.run(PresentationCompilerThread.scala:25)
2016-01-24 15:05:32,625 ERROR [main] - org.scala-ide.sdt.core - org.scala-ide.sdt.core - org.scala-ide.sdt.core - 0 - Throwable during asyncExec
java.lang.NullPointerException
	at scala.reflect.internal.Definitions$DefinitionsClass.isByNameParamType(Definitions.scala:379)
	at scala.reflect.internal.TreeInfo.isStableIdent(TreeInfo.scala:130)
	at scala.reflect.internal.TreeInfo.isStableIdentifier(TreeInfo.scala:105)
	at scala.reflect.internal.TreeInfo.isPath(TreeInfo.scala:95)
	at scala.reflect.internal.TreeInfo.admitsTypeSelection(TreeInfo.scala:147)
	at scala.tools.nsc.interactive.Global.stabilizedType(Global.scala:961)
	at scala.tools.nsc.interactive.Global.typedTreeAt(Global.scala:810)
	at scala.tools.nsc.interactive.Global$$anonfun$getTypedTreeAt$1.apply(Global.scala:840)
	at scala.tools.nsc.interactive.Global$$anonfun$getTypedTreeAt$1.apply(Global.scala:840)
	at scala.tools.nsc.interactive.Global$$anonfun$respond$1.apply(Global.scala:699)
	at scala.tools.nsc.interactive.Global$$anonfun$respond$1.apply(Global.scala:699)
	at scala.tools.nsc.interactive.Global.respondGradually(Global.scala:706)
	at scala.tools.nsc.interactive.Global.respond(Global.scala:699)
	at scala.tools.nsc.interactive.Global.getTypedTreeAt(Global.scala:840)
	at scala.tools.nsc.interactive.CompilerControl$AskTypeAtItem.apply$mcV$sp(CompilerControl.scala:326)
	at scala.tools.nsc.interactive.Global$$anonfun$pollForWork$1.apply$mcV$sp(Global.scala:504)
	at scala.util.control.Breaks.breakable(Breaks.scala:38)
	at scala.tools.nsc.interactive.Global.pollForWork(Global.scala:429)
	at scala.tools.nsc.interactive.Global.checkForMoreWork(Global.scala:518)
	at scala.tools.nsc.interactive.Global.signalParseProgress(Global.scala:329)
	at scala.tools.nsc.ast.parser.Parsers$Parser.funDefRest(Parsers.scala:2619)
	at scala.tools.nsc.ast.parser.Parsers$Parser.funDefOrDcl(Parsers.scala:2576)
	at scala.tools.nsc.ast.parser.Parsers$Parser.defOrDcl(Parsers.scala:2461)
	at scala.tools.nsc.ast.parser.Parsers$Parser.nonLocalDefOrDcl(Parsers.scala:2473)
	at scala.tools.nsc.ast.parser.Parsers$Parser$$anonfun$templateStat$1$$anonfun$applyOrElse$3.apply(Parsers.scala:3030)
	at scala.tools.nsc.ast.parser.Parsers$Parser$$anonfun$templateStat$1$$anonfun$applyOrElse$3.apply(Parsers.scala:3030)
	at scala.tools.nsc.doc.ScaladocSyntaxAnalyzer$ScaladocUnitParser.joinComment(ScaladocAnalyzer.scala:259)
	at scala.tools.nsc.ast.parser.Parsers$Parser$$anonfun$templateStat$1.applyOrElse(Parsers.scala:3030)
	at scala.tools.nsc.ast.parser.Parsers$Parser$$anonfun$templateStat$1.applyOrElse(Parsers.scala:3025)
	at scala.tools.nsc.ast.parser.Parsers$Parser.statSeq(Parsers.scala:2957)
	at scala.tools.nsc.ast.parser.Parsers$Parser.templateStats(Parsers.scala:3024)
	at scala.tools.nsc.ast.parser.Parsers$Parser$$anonfun$templateStatSeq$1.apply(Parsers.scala:3011)
	at scala.tools.nsc.ast.parser.Parsers$Parser$$anonfun$templateStatSeq$1.apply(Parsers.scala:2988)
	at scala.tools.nsc.ast.parser.Parsers$Parser.checkNoEscapingPlaceholders(Parsers.scala:462)
	at scala.tools.nsc.ast.parser.Parsers$Parser.templateStatSeq(Parsers.scala:2988)
	at scala.tools.nsc.ast.parser.Parsers$Parser.templateBody(Parsers.scala:2917)
	at scala.tools.nsc.ast.parser.Parsers$Parser.templateBodyOpt(Parsers.scala:2924)
	at scala.tools.nsc.ast.parser.Parsers$Parser.templateOpt(Parsers.scala:2888)
	at scala.tools.nsc.ast.parser.Parsers$Parser.objectDef(Parsers.scala:2773)
	at scala.tools.nsc.ast.parser.Parsers$Parser.tmplDef(Parsers.scala:2712)
	at scala.tools.nsc.ast.parser.Parsers$Parser.topLevelTmplDef(Parsers.scala:2693)
	at scala.tools.nsc.ast.parser.Parsers$Parser$$anonfun$topStat$1$$anonfun$applyOrElse$2.apply(Parsers.scala:2980)
	at scala.tools.nsc.ast.parser.Parsers$Parser$$anonfun$topStat$1$$anonfun$applyOrElse$2.apply(Parsers.scala:2980)
	at scala.tools.nsc.doc.ScaladocSyntaxAnalyzer$ScaladocUnitParser.joinComment(ScaladocAnalyzer.scala:259)
	at scala.tools.nsc.ast.parser.Parsers$Parser$$anonfun$topStat$1.applyOrElse(Parsers.scala:2980)
	at scala.tools.nsc.ast.parser.Parsers$Parser$$anonfun$topStat$1.applyOrElse(Parsers.scala:2973)
	at scala.tools.nsc.ast.parser.Parsers$Parser.statSeq(Parsers.scala:2957)
	at scala.tools.nsc.ast.parser.Parsers$Parser.topStatSeq(Parsers.scala:2972)
	at scala.tools.nsc.ast.parser.Parsers$Parser$$anonfun$compilationUnit$1.topstats$1(Parsers.scala:3170)
	at scala.tools.nsc.ast.parser.Parsers$Parser$$anonfun$compilationUnit$1.apply(Parsers.scala:3176)
	at scala.tools.nsc.ast.parser.Parsers$Parser$$anonfun$compilationUnit$1.apply(Parsers.scala:3138)
	at scala.tools.nsc.ast.parser.Parsers$Parser.checkNoEscapingPlaceholders(Parsers.scala:462)
	at scala.tools.nsc.ast.parser.Parsers$Parser.compilationUnit(Parsers.scala:3138)
	at scala.tools.nsc.ast.parser.Parsers$SourceFileParser$$anonfun$parseStartRule$1.apply(Parsers.scala:146)
	at scala.tools.nsc.ast.parser.Parsers$SourceFileParser$$anonfun$parseStartRule$1.apply(Parsers.scala:146)
	at scala.tools.nsc.ast.parser.Parsers$Parser$$anonfun$parse$1.apply(Parsers.scala:352)
	at scala.tools.nsc.ast.parser.Parsers$Parser$$anonfun$parse$1.apply(Parsers.scala:352)
	at scala.tools.nsc.ast.parser.Parsers$Parser.parseRule(Parsers.scala:345)
	at scala.tools.nsc.ast.parser.Parsers$Parser.parse(Parsers.scala:352)
	at scala.tools.nsc.ast.parser.Parsers$UnitParser.smartParse(Parsers.scala:241)
	at scala.tools.nsc.ast.parser.SyntaxAnalyzer.scala$tools$nsc$ast$parser$SyntaxAnalyzer$$initialUnitBody(SyntaxAnalyzer.scala:87)
	at scala.tools.nsc.ast.parser.SyntaxAnalyzer$ParserPhase.apply(SyntaxAnalyzer.scala:99)
	at scala.tools.nsc.Global$GlobalPhase$$anonfun$applyPhase$1.apply$mcV$sp(Global.scala:440)
	at scala.tools.nsc.Global$GlobalPhase.withCurrentUnit(Global.scala:431)
	at scala.tools.nsc.Global$GlobalPhase.applyPhase(Global.scala:440)
	at scala.tools.nsc.Global$Run$$anonfun$compileLate$2$$anonfun$apply$1.apply(Global.scala:1609)
	at scala.tools.nsc.Global$Run$$anonfun$compileLate$2$$anonfun$apply$1.apply(Global.scala:1609)
	at scala.reflect.internal.SymbolTable.enteringPhase(SymbolTable.scala:235)
	at scala.tools.nsc.Global$Run$$anonfun$compileLate$2.apply(Global.scala:1609)
	at scala.tools.nsc.Global$Run$$anonfun$compileLate$2.apply(Global.scala:1608)
	at scala.collection.Iterator$class.foreach(Iterator.scala:742)
	at scala.collection.AbstractIterator.foreach(Iterator.scala:1194)
	at scala.tools.nsc.Global$Run.compileLate(Global.scala:1608)
	at scala.tools.nsc.interactive.Global.scala$tools$nsc$interactive$Global$$parseAndEnter(Global.scala:656)
	at scala.tools.nsc.interactive.Global.backgroundCompile(Global.scala:562)
	at scala.tools.nsc.interactive.PresentationCompilerThread.run(PresentationCompilerThread.scala:25)
2016-01-24 15:05:32,629 ERROR [main] - org.scala-ide.sdt.core - org.scala-ide.sdt.core - org.scala-ide.sdt.core - 0 - Throwable during asyncExec
java.lang.NullPointerException
	at scala.reflect.internal.Definitions$DefinitionsClass.isByNameParamType(Definitions.scala:379)
	at scala.reflect.internal.TreeInfo.isStableIdent(TreeInfo.scala:130)
	at scala.reflect.internal.TreeInfo.isStableIdentifier(TreeInfo.scala:105)
	at scala.reflect.internal.TreeInfo.isPath(TreeInfo.scala:95)
	at scala.reflect.internal.TreeInfo.admitsTypeSelection(TreeInfo.scala:147)
	at scala.tools.nsc.interactive.Global.stabilizedType(Global.scala:961)
	at scala.tools.nsc.interactive.Global.typedTreeAt(Global.scala:810)
	at scala.tools.nsc.interactive.Global.scala$tools$nsc$interactive$Global$$scopeMembers(Global.scala:1026)
	at scala.tools.nsc.interactive.Global$$anonfun$getScopeCompletion$2.apply(Global.scala:983)
	at scala.tools.nsc.interactive.Global$$anonfun$getScopeCompletion$2.apply(Global.scala:983)
	at scala.tools.nsc.interactive.Global$$anonfun$respond$1.apply(Global.scala:699)
	at scala.tools.nsc.interactive.Global$$anonfun$respond$1.apply(Global.scala:699)
	at scala.tools.nsc.interactive.Global.respondGradually(Global.scala:706)
	at scala.tools.nsc.interactive.Global.respond(Global.scala:699)
	at scala.tools.nsc.interactive.Global.getScopeCompletion(Global.scala:983)
	at scala.tools.nsc.interactive.CompilerControl$AskScopeCompletionItem.apply$mcV$sp(CompilerControl.scala:350)
	at scala.tools.nsc.interactive.Global$$anonfun$pollForWork$1.apply$mcV$sp(Global.scala:504)
	at scala.util.control.Breaks.breakable(Breaks.scala:38)
	at scala.tools.nsc.interactive.Global.pollForWork(Global.scala:429)
	at scala.tools.nsc.interactive.Global.checkForMoreWork(Global.scala:518)
	at scala.tools.nsc.interactive.Global.signalParseProgress(Global.scala:329)
	at scala.tools.nsc.ast.parser.Parsers$Parser.funDefRest(Parsers.scala:2619)
	at scala.tools.nsc.ast.parser.Parsers$Parser.funDefOrDcl(Parsers.scala:2576)
	at scala.tools.nsc.ast.parser.Parsers$Parser.defOrDcl(Parsers.scala:2461)
	at scala.tools.nsc.ast.parser.Parsers$Parser.nonLocalDefOrDcl(Parsers.scala:2473)
	at scala.tools.nsc.ast.parser.Parsers$Parser$$anonfun$templateStat$1$$anonfun$applyOrElse$3.apply(Parsers.scala:3030)
	at scala.tools.nsc.ast.parser.Parsers$Parser$$anonfun$templateStat$1$$anonfun$applyOrElse$3.apply(Parsers.scala:3030)
	at scala.tools.nsc.doc.ScaladocSyntaxAnalyzer$ScaladocUnitParser.joinComment(ScaladocAnalyzer.scala:259)
	at scala.tools.nsc.ast.parser.Parsers$Parser$$anonfun$templateStat$1.applyOrElse(Parsers.scala:3030)
	at scala.tools.nsc.ast.parser.Parsers$Parser$$anonfun$templateStat$1.applyOrElse(Parsers.scala:3025)
	at scala.tools.nsc.ast.parser.Parsers$Parser.statSeq(Parsers.scala:2957)
	at scala.tools.nsc.ast.parser.Parsers$Parser.templateStats(Parsers.scala:3024)
	at scala.tools.nsc.ast.parser.Parsers$Parser$$anonfun$templateStatSeq$1.apply(Parsers.scala:3011)
	at scala.tools.nsc.ast.parser.Parsers$Parser$$anonfun$templateStatSeq$1.apply(Parsers.scala:2988)
	at scala.tools.nsc.ast.parser.Parsers$Parser.checkNoEscapingPlaceholders(Parsers.scala:462)
	at scala.tools.nsc.ast.parser.Parsers$Parser.templateStatSeq(Parsers.scala:2988)
	at scala.tools.nsc.ast.parser.Parsers$Parser.templateBody(Parsers.scala:2917)
	at scala.tools.nsc.ast.parser.Parsers$Parser.templateBodyOpt(Parsers.scala:2924)
	at scala.tools.nsc.ast.parser.Parsers$Parser.templateOpt(Parsers.scala:2888)
	at scala.tools.nsc.ast.parser.Parsers$Parser.objectDef(Parsers.scala:2773)
	at scala.tools.nsc.ast.parser.Parsers$Parser.tmplDef(Parsers.scala:2712)
	at scala.tools.nsc.ast.parser.Parsers$Parser.topLevelTmplDef(Parsers.scala:2693)
	at scala.tools.nsc.ast.parser.Parsers$Parser$$anonfun$topStat$1$$anonfun$applyOrElse$2.apply(Parsers.scala:2980)
	at scala.tools.nsc.ast.parser.Parsers$Parser$$anonfun$topStat$1$$anonfun$applyOrElse$2.apply(Parsers.scala:2980)
	at scala.tools.nsc.doc.ScaladocSyntaxAnalyzer$ScaladocUnitParser.joinComment(ScaladocAnalyzer.scala:259)
	at scala.tools.nsc.ast.parser.Parsers$Parser$$anonfun$topStat$1.applyOrElse(Parsers.scala:2980)
	at scala.tools.nsc.ast.parser.Parsers$Parser$$anonfun$topStat$1.applyOrElse(Parsers.scala:2973)
	at scala.tools.nsc.ast.parser.Parsers$Parser.statSeq(Parsers.scala:2957)
	at scala.tools.nsc.ast.parser.Parsers$Parser.topStatSeq(Parsers.scala:2972)
	at scala.tools.nsc.ast.parser.Parsers$Parser$$anonfun$compilationUnit$1.topstats$1(Parsers.scala:3170)
	at scala.tools.nsc.ast.parser.Parsers$Parser$$anonfun$compilationUnit$1.apply(Parsers.scala:3176)
	at scala.tools.nsc.ast.parser.Parsers$Parser$$anonfun$compilationUnit$1.apply(Parsers.scala:3138)
	at scala.tools.nsc.ast.parser.Parsers$Parser.checkNoEscapingPlaceholders(Parsers.scala:462)
	at scala.tools.nsc.ast.parser.Parsers$Parser.compilationUnit(Parsers.scala:3138)
	at scala.tools.nsc.ast.parser.Parsers$SourceFileParser$$anonfun$parseStartRule$1.apply(Parsers.scala:146)
	at scala.tools.nsc.ast.parser.Parsers$SourceFileParser$$anonfun$parseStartRule$1.apply(Parsers.scala:146)
	at scala.tools.nsc.ast.parser.Parsers$Parser$$anonfun$parse$1.apply(Parsers.scala:352)
	at scala.tools.nsc.ast.parser.Parsers$Parser$$anonfun$parse$1.apply(Parsers.scala:352)
	at scala.tools.nsc.ast.parser.Parsers$Parser.parseRule(Parsers.scala:345)
	at scala.tools.nsc.ast.parser.Parsers$Parser.parse(Parsers.scala:352)
	at scala.tools.nsc.ast.parser.Parsers$UnitParser.smartParse(Parsers.scala:241)
	at scala.tools.nsc.ast.parser.SyntaxAnalyzer.scala$tools$nsc$ast$parser$SyntaxAnalyzer$$initialUnitBody(SyntaxAnalyzer.scala:87)
	at scala.tools.nsc.ast.parser.SyntaxAnalyzer$ParserPhase.apply(SyntaxAnalyzer.scala:99)
	at scala.tools.nsc.Global$GlobalPhase$$anonfun$applyPhase$1.apply$mcV$sp(Global.scala:440)
	at scala.tools.nsc.Global$GlobalPhase.withCurrentUnit(Global.scala:431)
	at scala.tools.nsc.Global$GlobalPhase.applyPhase(Global.scala:440)
	at scala.tools.nsc.Global$Run$$anonfun$compileLate$2$$anonfun$apply$1.apply(Global.scala:1609)
	at scala.tools.nsc.Global$Run$$anonfun$compileLate$2$$anonfun$apply$1.apply(Global.scala:1609)
	at scala.reflect.internal.SymbolTable.enteringPhase(SymbolTable.scala:235)
	at scala.tools.nsc.Global$Run$$anonfun$compileLate$2.apply(Global.scala:1609)
	at scala.tools.nsc.Global$Run$$anonfun$compileLate$2.apply(Global.scala:1608)
	at scala.collection.Iterator$class.foreach(Iterator.scala:742)
	at scala.collection.AbstractIterator.foreach(Iterator.scala:1194)
	at scala.tools.nsc.Global$Run.compileLate(Global.scala:1608)
	at scala.tools.nsc.interactive.Global.scala$tools$nsc$interactive$Global$$parseAndEnter(Global.scala:656)
	at scala.tools.nsc.interactive.Global.backgroundCompile(Global.scala:562)
	at scala.tools.nsc.interactive.PresentationCompilerThread.run(PresentationCompilerThread.scala:25)
2016-01-24 15:05:33,994 ERROR [main] - org.scala-ide.sdt.core - org.scala-ide.sdt.core - org.scala-ide.sdt.core - 0 - Throwable during asyncExec
java.lang.NullPointerException
	at scala.reflect.internal.Definitions$DefinitionsClass.isByNameParamType(Definitions.scala:379)
	at scala.reflect.internal.TreeInfo.isStableIdent(TreeInfo.scala:130)
	at scala.reflect.internal.TreeInfo.isStableIdentifier(TreeInfo.scala:105)
	at scala.reflect.internal.TreeInfo.isPath(TreeInfo.scala:95)
	at scala.reflect.internal.TreeInfo.admitsTypeSelection(TreeInfo.scala:147)
	at scala.tools.nsc.interactive.Global.stabilizedType(Global.scala:961)
	at scala.tools.nsc.interactive.Global.typedTreeAt(Global.scala:810)
	at scala.tools.nsc.interactive.Global$$anonfun$getTypedTreeAt$1.apply(Global.scala:840)
	at scala.tools.nsc.interactive.Global$$anonfun$getTypedTreeAt$1.apply(Global.scala:840)
	at scala.tools.nsc.interactive.Global$$anonfun$respond$1.apply(Global.scala:699)
	at scala.tools.nsc.interactive.Global$$anonfun$respond$1.apply(Global.scala:699)
	at scala.tools.nsc.interactive.Global.respondGradually(Global.scala:706)
	at scala.tools.nsc.interactive.Global.respond(Global.scala:699)
	at scala.tools.nsc.interactive.Global.getTypedTreeAt(Global.scala:840)
	at scala.tools.nsc.interactive.CompilerControl$AskTypeAtItem.apply$mcV$sp(CompilerControl.scala:326)
	at scala.tools.nsc.interactive.Global$$anonfun$pollForWork$1.apply$mcV$sp(Global.scala:504)
	at scala.util.control.Breaks.breakable(Breaks.scala:38)
	at scala.tools.nsc.interactive.Global.pollForWork(Global.scala:429)
	at scala.tools.nsc.interactive.Global.checkForMoreWork(Global.scala:518)
	at scala.tools.nsc.interactive.Global.signalParseProgress(Global.scala:329)
	at scala.tools.nsc.ast.parser.Parsers$Parser.funDefRest(Parsers.scala:2619)
	at scala.tools.nsc.ast.parser.Parsers$Parser.funDefOrDcl(Parsers.scala:2576)
	at scala.tools.nsc.ast.parser.Parsers$Parser.defOrDcl(Parsers.scala:2461)
	at scala.tools.nsc.ast.parser.Parsers$Parser.nonLocalDefOrDcl(Parsers.scala:2473)
	at scala.tools.nsc.ast.parser.Parsers$Parser$$anonfun$templateStat$1$$anonfun$applyOrElse$3.apply(Parsers.scala:3030)
	at scala.tools.nsc.ast.parser.Parsers$Parser$$anonfun$templateStat$1$$anonfun$applyOrElse$3.apply(Parsers.scala:3030)
	at scala.tools.nsc.doc.ScaladocSyntaxAnalyzer$ScaladocUnitParser.joinComment(ScaladocAnalyzer.scala:259)
	at scala.tools.nsc.ast.parser.Parsers$Parser$$anonfun$templateStat$1.applyOrElse(Parsers.scala:3030)
	at scala.tools.nsc.ast.parser.Parsers$Parser$$anonfun$templateStat$1.applyOrElse(Parsers.scala:3025)
	at scala.tools.nsc.ast.parser.Parsers$Parser.statSeq(Parsers.scala:2957)
	at scala.tools.nsc.ast.parser.Parsers$Parser.templateStats(Parsers.scala:3024)
	at scala.tools.nsc.ast.parser.Parsers$Parser$$anonfun$templateStatSeq$1.apply(Parsers.scala:3011)
	at scala.tools.nsc.ast.parser.Parsers$Parser$$anonfun$templateStatSeq$1.apply(Parsers.scala:2988)
	at scala.tools.nsc.ast.parser.Parsers$Parser.checkNoEscapingPlaceholders(Parsers.scala:462)
	at scala.tools.nsc.ast.parser.Parsers$Parser.templateStatSeq(Parsers.scala:2988)
	at scala.tools.nsc.ast.parser.Parsers$Parser.templateBody(Parsers.scala:2917)
	at scala.tools.nsc.ast.parser.Parsers$Parser.templateBodyOpt(Parsers.scala:2924)
	at scala.tools.nsc.ast.parser.Parsers$Parser.templateOpt(Parsers.scala:2888)
	at scala.tools.nsc.ast.parser.Parsers$Parser.objectDef(Parsers.scala:2773)
	at scala.tools.nsc.ast.parser.Parsers$Parser.tmplDef(Parsers.scala:2712)
	at scala.tools.nsc.ast.parser.Parsers$Parser.topLevelTmplDef(Parsers.scala:2693)
	at scala.tools.nsc.ast.parser.Parsers$Parser$$anonfun$topStat$1$$anonfun$applyOrElse$2.apply(Parsers.scala:2980)
	at scala.tools.nsc.ast.parser.Parsers$Parser$$anonfun$topStat$1$$anonfun$applyOrElse$2.apply(Parsers.scala:2980)
	at scala.tools.nsc.doc.ScaladocSyntaxAnalyzer$ScaladocUnitParser.joinComment(ScaladocAnalyzer.scala:259)
	at scala.tools.nsc.ast.parser.Parsers$Parser$$anonfun$topStat$1.applyOrElse(Parsers.scala:2980)
	at scala.tools.nsc.ast.parser.Parsers$Parser$$anonfun$topStat$1.applyOrElse(Parsers.scala:2973)
	at scala.tools.nsc.ast.parser.Parsers$Parser.statSeq(Parsers.scala:2957)
	at scala.tools.nsc.ast.parser.Parsers$Parser.topStatSeq(Parsers.scala:2972)
	at scala.tools.nsc.ast.parser.Parsers$Parser$$anonfun$compilationUnit$1.topstats$1(Parsers.scala:3170)
	at scala.tools.nsc.ast.parser.Parsers$Parser$$anonfun$compilationUnit$1.apply(Parsers.scala:3176)
	at scala.tools.nsc.ast.parser.Parsers$Parser$$anonfun$compilationUnit$1.apply(Parsers.scala:3138)
	at scala.tools.nsc.ast.parser.Parsers$Parser.checkNoEscapingPlaceholders(Parsers.scala:462)
	at scala.tools.nsc.ast.parser.Parsers$Parser.compilationUnit(Parsers.scala:3138)
	at scala.tools.nsc.ast.parser.Parsers$SourceFileParser$$anonfun$parseStartRule$1.apply(Parsers.scala:146)
	at scala.tools.nsc.ast.parser.Parsers$SourceFileParser$$anonfun$parseStartRule$1.apply(Parsers.scala:146)
	at scala.tools.nsc.ast.parser.Parsers$Parser$$anonfun$parse$1.apply(Parsers.scala:352)
	at scala.tools.nsc.ast.parser.Parsers$Parser$$anonfun$parse$1.apply(Parsers.scala:352)
	at scala.tools.nsc.ast.parser.Parsers$Parser.parseRule(Parsers.scala:345)
	at scala.tools.nsc.ast.parser.Parsers$Parser.parse(Parsers.scala:352)
	at scala.tools.nsc.ast.parser.Parsers$UnitParser.smartParse(Parsers.scala:241)
	at scala.tools.nsc.ast.parser.SyntaxAnalyzer.scala$tools$nsc$ast$parser$SyntaxAnalyzer$$initialUnitBody(SyntaxAnalyzer.scala:87)
	at scala.tools.nsc.ast.parser.SyntaxAnalyzer$ParserPhase.apply(SyntaxAnalyzer.scala:99)
	at scala.tools.nsc.Global$GlobalPhase$$anonfun$applyPhase$1.apply$mcV$sp(Global.scala:440)
	at scala.tools.nsc.Global$GlobalPhase.withCurrentUnit(Global.scala:431)
	at scala.tools.nsc.Global$GlobalPhase.applyPhase(Global.scala:440)
	at scala.tools.nsc.Global$Run$$anonfun$compileLate$2$$anonfun$apply$1.apply(Global.scala:1609)
	at scala.tools.nsc.Global$Run$$anonfun$compileLate$2$$anonfun$apply$1.apply(Global.scala:1609)
	at scala.reflect.internal.SymbolTable.enteringPhase(SymbolTable.scala:235)
	at scala.tools.nsc.Global$Run$$anonfun$compileLate$2.apply(Global.scala:1609)
	at scala.tools.nsc.Global$Run$$anonfun$compileLate$2.apply(Global.scala:1608)
	at scala.collection.Iterator$class.foreach(Iterator.scala:742)
	at scala.collection.AbstractIterator.foreach(Iterator.scala:1194)
	at scala.tools.nsc.Global$Run.compileLate(Global.scala:1608)
	at scala.tools.nsc.interactive.Global.scala$tools$nsc$interactive$Global$$parseAndEnter(Global.scala:656)
	at scala.tools.nsc.interactive.Global.backgroundCompile(Global.scala:562)
	at scala.tools.nsc.interactive.PresentationCompilerThread.run(PresentationCompilerThread.scala:25)
2016-01-24 15:06:48,024  WARN [Worker-34] - ScalaProject - Project HelloScala has platform default sourceLevel.
2016-01-24 15:06:48,024  WARN [Worker-34] - ScalaProject - Project HelloScala runs on platform default installation.
2016-01-24 15:06:57,954  WARN [Worker-27] - ScalaProject - Project HelloScala has platform default sourceLevel.
2016-01-24 15:06:57,954  WARN [Worker-27] - ScalaProject - Project HelloScala runs on platform default installation.
2016-01-24 15:07:21,536  WARN [main] - ImplicitHighlightingPresenter - Timeout while waiting for `askLoadedTyped` during semantic highlighting.
2016-01-24 15:14:17,983  WARN [org.scalaide.ui.internal.reconciliation.ScalaReconciler] - CallByNameParamAtCreationPresenter - Timeout while waiting for `askLoadedTyped` during semantic highlighting.
2016-01-24 15:15:18,724  WARN [Worker-31] - ScalaProject - Project HelloScala has platform default sourceLevel.
2016-01-24 15:15:18,725  WARN [Worker-31] - ScalaProject - Project HelloScala runs on platform default installation.
2016-01-24 15:15:36,964  WARN [Worker-33] - ScalaProject - Project HelloScala has platform default sourceLevel.
2016-01-24 15:15:36,964  WARN [Worker-33] - ScalaProject - Project HelloScala runs on platform default installation.
2016-01-24 15:16:56,883  WARN [org.scalaide.ui.internal.reconciliation.ScalaReconciler] - TraverserImpl$ - Skipping annotation, position length = 0, position offset = 219
2016-01-24 15:16:56,884  WARN [org.scalaide.ui.internal.reconciliation.ScalaReconciler] - TraverserImpl$ - Skipping annotation, position length = 0, position offset = 219
2016-01-24 15:17:13,491  WARN [Worker-28] - ScalaProject - Project HelloScala has platform default sourceLevel.
2016-01-24 15:17:13,491  WARN [Worker-28] - ScalaProject - Project HelloScala runs on platform default installation.
2016-01-24 15:21:51,718  WARN [Worker-35] - ScalaProject - Project HelloScala has platform default sourceLevel.
2016-01-24 15:21:51,718  WARN [Worker-35] - ScalaProject - Project HelloScala runs on platform default installation.
2016-01-24 15:22:07,218  WARN [Worker-35] - ScalaProject - Project HelloScala has platform default sourceLevel.
2016-01-24 15:22:07,218  WARN [Worker-35] - ScalaProject - Project HelloScala runs on platform default installation.
2016-01-24 15:28:46,127  WARN [Worker-31] - ScalaProject - Project HelloScala has platform default sourceLevel.
2016-01-24 15:28:46,127  WARN [Worker-31] - ScalaProject - Project HelloScala runs on platform default installation.
2016-01-24 15:29:19,158  WARN [org.scalaide.ui.internal.reconciliation.ScalaReconciler] - CallByNameParamAtCreationPresenter - Timeout while waiting for `askLoadedTyped` during semantic highlighting.
2016-01-24 15:29:22,760  WARN [Worker-36] - ScalaProject - Project HelloScala has platform default sourceLevel.
2016-01-24 15:29:22,760  WARN [Worker-36] - ScalaProject - Project HelloScala runs on platform default installation.
2016-01-24 15:30:51,732  WARN [Worker-31] - ScalaProject - Project HelloScala has platform default sourceLevel.
2016-01-24 15:30:51,732  WARN [Worker-31] - ScalaProject - Project HelloScala runs on platform default installation.
2016-01-24 15:30:57,206  WARN [Worker-33] - ScalaProject - Project HelloScala has platform default sourceLevel.
2016-01-24 15:30:57,207  WARN [Worker-33] - ScalaProject - Project HelloScala runs on platform default installation.
2016-03-01 23:28:59,587  WARN [Worker-4] - ScalaProject - Project HelloScala has platform default sourceLevel.
2016-03-01 23:28:59,589  WARN [Worker-4] - ScalaProject - Project HelloScala runs on platform default installation.
2016-03-03 17:38:13,689  WARN [org.eclipse.jdt.internal.ui.text.JavaReconciler] - ScalaProject - Project HelloScala has platform default sourceLevel.
2016-03-03 17:38:13,691  WARN [org.eclipse.jdt.internal.ui.text.JavaReconciler] - ScalaProject - Project HelloScala runs on platform default installation.
2016-03-10 15:39:52,521  WARN [org.eclipse.jdt.internal.ui.text.JavaReconciler] - ScalaProject - Project HelloScala has platform default sourceLevel.
2016-03-10 15:39:52,523  WARN [org.eclipse.jdt.internal.ui.text.JavaReconciler] - ScalaProject - Project HelloScala runs on platform default installation.
2016-03-31 11:41:27,886  WARN [Worker-7] - ScalaProject - Project HelloScala has platform default sourceLevel.
2016-03-31 11:41:27,887  WARN [Worker-7] - ScalaProject - Project HelloScala runs on platform default installation.
2016-03-31 11:41:27,892  WARN [Worker-4] - ScalaProject - Project HelloScala has platform default sourceLevel.
2016-03-31 11:41:27,898  WARN [Worker-4] - ScalaProject - Project HelloScala runs on platform default installation.
2016-03-31 11:41:29,909  WARN [Worker-2] - ScalaProject - Project HelloScala has platform default sourceLevel.
2016-03-31 11:41:29,909  WARN [Worker-2] - ScalaProject - Project HelloScala runs on platform default installation.
2016-03-31 11:41:30,023  WARN [Worker-2] - ScalaProject - Project HelloScala has platform default sourceLevel.
2016-03-31 11:41:30,024  WARN [Worker-2] - ScalaProject - Project HelloScala runs on platform default installation.
2016-04-01 15:52:59,710  WARN [Worker-36] - ScalaProject - Project HelloScala has platform default sourceLevel.
2016-04-01 15:52:59,710  WARN [Worker-36] - ScalaProject - Project HelloScala runs on platform default installation.
2016-04-12 14:23:49,142  WARN [org.eclipse.jdt.internal.ui.text.JavaReconciler] - ScalaProject - Project HelloScala has platform default sourceLevel.
2016-04-12 14:23:49,144  WARN [org.eclipse.jdt.internal.ui.text.JavaReconciler] - ScalaProject - Project HelloScala runs on platform default installation.
2017-03-06 14:12:14,078 ERROR [Worker-11] - System.err - org.eclipse.core.runtime.OperationCanceledException
2017-03-06 14:12:14,079 ERROR [Worker-11] - System.err - at org.eclipse.core.internal.utils.Policy.checkCanceled(Policy.java:113)
2017-03-06 14:12:14,079 ERROR [Worker-11] - System.err - at org.eclipse.core.internal.localstore.RefreshLocalVisitor.visit(RefreshLocalVisitor.java:254)
2017-03-06 14:12:14,079 ERROR [Worker-11] - System.err - at org.eclipse.core.internal.localstore.UnifiedTree.accept(UnifiedTree.java:111)
2017-03-06 14:12:14,079 ERROR [Worker-11] - System.err - at org.eclipse.core.internal.localstore.FileSystemResourceManager.refreshResource(FileSystemResourceManager.java:974)
2017-03-06 14:12:14,080 ERROR [Worker-11] - System.err - at org.eclipse.core.internal.localstore.FileSystemResourceManager.refresh(FileSystemResourceManager.java:960)
2017-03-06 14:12:14,080 ERROR [Worker-11] - System.err - at org.eclipse.core.internal.resources.Resource.refreshLocal(Resource.java:1594)
2017-03-06 14:12:14,080 ERROR [Worker-11] - System.err - at org.sonatype.m2e.mavenarchiver.internal.AbstractMavenArchiverConfigurator.refresh(AbstractMavenArchiverConfigurator.java:234)
2017-03-06 14:12:14,080 ERROR [Worker-11] - System.err - at org.sonatype.m2e.mavenarchiver.internal.AbstractMavenArchiverConfigurator.mavenProjectChanged(AbstractMavenArchiverConfigurator.java:210)
2017-03-06 14:12:14,080 ERROR [Worker-11] - System.err - at org.eclipse.m2e.wtp.mavenarchiver.AbstractWTPArchiverConfigurator.mavenProjectChanged(AbstractWTPArchiverConfigurator.java:54)
2017-03-06 14:12:14,080 ERROR [Worker-11] - System.err - at org.eclipse.m2e.core.internal.project.ProjectConfigurationManager.mavenProjectChanged(ProjectConfigurationManager.java:1000)
2017-03-06 14:12:14,081 ERROR [Worker-11] - System.err - at org.eclipse.m2e.core.internal.project.registry.ProjectRegistryManager.notifyProjectChangeListeners(ProjectRegistryManager.java:783)
2017-03-06 14:12:14,081 ERROR [Worker-11] - System.err - at org.eclipse.m2e.core.internal.project.registry.ProjectRegistryManager.applyMutableProjectRegistry(ProjectRegistryManager.java:930)
2017-03-06 14:12:14,081 ERROR [Worker-11] - System.err - at org.eclipse.m2e.core.internal.project.registry.ProjectRegistryManager.refresh(ProjectRegistryManager.java:300)
2017-03-06 14:12:14,081 ERROR [Worker-11] - System.err - at org.eclipse.m2e.core.internal.builder.MavenBuilder$BuildMethod.getProjectFacade(MavenBuilder.java:154)
2017-03-06 14:12:14,081 ERROR [Worker-11] - System.err - at org.eclipse.m2e.core.internal.builder.MavenBuilder$BuildMethod$1.call(MavenBuilder.java:89)
2017-03-06 14:12:14,081 ERROR [Worker-11] - System.err - at org.eclipse.m2e.core.internal.embedder.MavenExecutionContext.executeBare(MavenExecutionContext.java:176)
2017-03-06 14:12:14,081 ERROR [Worker-11] - System.err - at org.eclipse.m2e.core.internal.embedder.MavenExecutionContext.execute(MavenExecutionContext.java:151)
2017-03-06 14:12:14,081 ERROR [Worker-11] - System.err - at org.eclipse.m2e.core.internal.embedder.MavenExecutionContext.execute(MavenExecutionContext.java:99)
2017-03-06 14:12:14,082 ERROR [Worker-11] - System.err - at org.eclipse.m2e.core.internal.builder.MavenBuilder$BuildMethod.execute(MavenBuilder.java:86)
2017-03-06 14:12:14,082 ERROR [Worker-11] - System.err - at org.eclipse.m2e.core.internal.builder.MavenBuilder.build(MavenBuilder.java:200)
2017-03-06 14:12:14,082 ERROR [Worker-11] - System.err - at org.eclipse.core.internal.events.BuildManager$2.run(BuildManager.java:735)
2017-03-06 14:12:14,082 ERROR [Worker-11] - System.err - at org.eclipse.core.runtime.SafeRunner.run(SafeRunner.java:42)
2017-03-06 14:12:14,082 ERROR [Worker-11] - System.err - at org.eclipse.core.internal.events.BuildManager.basicBuild(BuildManager.java:206)
2017-03-06 14:12:14,082 ERROR [Worker-11] - System.err - at org.eclipse.core.internal.events.BuildManager.basicBuild(BuildManager.java:246)
2017-03-06 14:12:14,082 ERROR [Worker-11] - System.err - at org.eclipse.core.internal.events.BuildManager$1.run(BuildManager.java:301)
2017-03-06 14:12:14,082 ERROR [Worker-11] - System.err - at org.eclipse.core.runtime.SafeRunner.run(SafeRunner.java:42)
2017-03-06 14:12:14,082 ERROR [Worker-11] - System.err - at org.eclipse.core.internal.events.BuildManager.basicBuild(BuildManager.java:304)
2017-03-06 14:12:14,082 ERROR [Worker-11] - System.err - at org.eclipse.core.internal.events.BuildManager.basicBuildLoop(BuildManager.java:360)
2017-03-06 14:12:14,083 ERROR [Worker-11] - System.err - at org.eclipse.core.internal.events.BuildManager.build(BuildManager.java:383)
2017-03-06 14:12:14,083 ERROR [Worker-11] - System.err - at org.eclipse.core.internal.events.AutoBuildJob.doBuild(AutoBuildJob.java:144)
2017-03-06 14:12:14,083 ERROR [Worker-11] - System.err - at org.eclipse.core.internal.events.AutoBuildJob.run(AutoBuildJob.java:235)
2017-03-06 14:12:14,083 ERROR [Worker-11] - System.err - at org.eclipse.core.internal.jobs.Worker.run(Worker.java:55)
